2022-05-23T02:37:38+00:00 CRITICAL Uncaught ArgumentCountError: Too few arguments to function sanitize_term_field(), 1 passed in /var/www/andylongstore/wp-content/plugins/xt-woo-variation-swatches-pro/admin/class-admin.php on line 501 and exactly 5 expected in /var/www/andylongstore/wp-includes/taxonomy.php:1633
Stack trace:
#0 /var/www/andylongstore/wp-content/plugins/xt-woo-variation-swatches-pro/admin/class-admin.php(501): sanitize_term_field('product')
#1 /var/www/andylongstore/wp-includes/class-wp-hook.php(305): XT_Woo_Variation_Swatches_Admin->quick_edit_attribute_type_field('thumb', 'product')
#2 /var/www/andylongstore/wp-includes/class-wp-hook.php(327): WP_Hook->apply_filters(NULL, Array)
#3 /var/www/andylongstore/wp-includes/plugin.php(470): WP_Hook->do_action(Array)
#4 /var/www/andylongstore/wp-admin/includes/class-wp-posts-list-table.php(1995): do_action('quick_edit_cust...', 'thumb', 'product', '')
#5 /var/www/andylongstore/wp-admin/edit.php(482): WP_Posts_List_Table->inline_edit()
#6 {main}
  thrown in /var/www/andylongstore/wp-includes/taxonomy.php on line 1633

2022-05-23T02:39:37+00:00 CRITICAL Uncaught ArgumentCountError: Too few arguments to function sanitize_term_field(), 1 passed in /var/www/andylongstore/wp-content/plugins/xt-woo-variation-swatches-pro/admin/class-admin.php on line 501 and exactly 5 expected in /var/www/andylongstore/wp-includes/taxonomy.php:1633
Stack trace:
#0 /var/www/andylongstore/wp-content/plugins/xt-woo-variation-swatches-pro/admin/class-admin.php(501): sanitize_term_field('product')
#1 /var/www/andylongstore/wp-includes/class-wp-hook.php(305): XT_Woo_Variation_Swatches_Admin->quick_edit_attribute_type_field('thumb', 'product')
#2 /var/www/andylongstore/wp-includes/class-wp-hook.php(327): WP_Hook->apply_filters(NULL, Array)
#3 /var/www/andylongstore/wp-includes/plugin.php(470): WP_Hook->do_action(Array)
#4 /var/www/andylongstore/wp-admin/includes/class-wp-posts-list-table.php(1995): do_action('quick_edit_cust...', 'thumb', 'product', '')
#5 /var/www/andylongstore/wp-admin/edit.php(482): WP_Posts_List_Table->inline_edit()
#6 {main}
  thrown in /var/www/andylongstore/wp-includes/taxonomy.php on line 1633

2022-05-23T02:40:53+00:00 CRITICAL Uncaught ArgumentCountError: Too few arguments to function sanitize_term_field(), 1 passed in /var/www/andylongstore/wp-content/plugins/xt-woo-variation-swatches-pro/admin/class-admin.php on line 501 and exactly 5 expected in /var/www/andylongstore/wp-includes/taxonomy.php:1633
Stack trace:
#0 /var/www/andylongstore/wp-content/plugins/xt-woo-variation-swatches-pro/admin/class-admin.php(501): sanitize_term_field('product')
#1 /var/www/andylongstore/wp-includes/class-wp-hook.php(305): XT_Woo_Variation_Swatches_Admin->quick_edit_attribute_type_field('thumb', 'product')
#2 /var/www/andylongstore/wp-includes/class-wp-hook.php(327): WP_Hook->apply_filters(NULL, Array)
#3 /var/www/andylongstore/wp-includes/plugin.php(470): WP_Hook->do_action(Array)
#4 /var/www/andylongstore/wp-admin/includes/class-wp-posts-list-table.php(1995): do_action('quick_edit_cust...', 'thumb', 'product', '')
#5 /var/www/andylongstore/wp-admin/edit.php(482): WP_Posts_List_Table->inline_edit()
#6 {main}
  thrown in /var/www/andylongstore/wp-includes/taxonomy.php on line 1633

2022-05-23T02:41:04+00:00 CRITICAL Uncaught ArgumentCountError: Too few arguments to function sanitize_term_field(), 1 passed in /var/www/andylongstore/wp-content/plugins/xt-woo-variation-swatches-pro/admin/class-admin.php on line 501 and exactly 5 expected in /var/www/andylongstore/wp-includes/taxonomy.php:1633
Stack trace:
#0 /var/www/andylongstore/wp-content/plugins/xt-woo-variation-swatches-pro/admin/class-admin.php(501): sanitize_term_field('product')
#1 /var/www/andylongstore/wp-includes/class-wp-hook.php(305): XT_Woo_Variation_Swatches_Admin->quick_edit_attribute_type_field('thumb', 'product')
#2 /var/www/andylongstore/wp-includes/class-wp-hook.php(327): WP_Hook->apply_filters(NULL, Array)
#3 /var/www/andylongstore/wp-includes/plugin.php(470): WP_Hook->do_action(Array)
#4 /var/www/andylongstore/wp-admin/includes/class-wp-posts-list-table.php(1995): do_action('quick_edit_cust...', 'thumb', 'product', '')
#5 /var/www/andylongstore/wp-admin/edit.php(482): WP_Posts_List_Table->inline_edit()
#6 {main}
  thrown in /var/www/andylongstore/wp-includes/taxonomy.php on line 1633

2022-05-23T02:41:20+00:00 CRITICAL Uncaught ArgumentCountError: Too few arguments to function sanitize_term_field(), 1 passed in /var/www/andylongstore/wp-content/plugins/xt-woo-variation-swatches-pro/admin/class-admin.php on line 501 and exactly 5 expected in /var/www/andylongstore/wp-includes/taxonomy.php:1633
Stack trace:
#0 /var/www/andylongstore/wp-content/plugins/xt-woo-variation-swatches-pro/admin/class-admin.php(501): sanitize_term_field('product')
#1 /var/www/andylongstore/wp-includes/class-wp-hook.php(305): XT_Woo_Variation_Swatches_Admin->quick_edit_attribute_type_field('thumb', 'edit-tags')
#2 /var/www/andylongstore/wp-includes/class-wp-hook.php(327): WP_Hook->apply_filters(NULL, Array)
#3 /var/www/andylongstore/wp-includes/plugin.php(470): WP_Hook->do_action(Array)
#4 /var/www/andylongstore/wp-admin/includes/class-wp-terms-list-table.php(701): do_action('quick_edit_cust...', 'thumb', 'edit-tags', 'product_cat')
#5 /var/www/andylongstore/wp-admin/edit-tags.php(689): WP_Terms_List_Table->inline_edit()
#6 {main}
  thrown in /var/www/andylongstore/wp-includes/taxonomy.php on line 1633

2022-05-23T02:41:57+00:00 CRITICAL Uncaught ArgumentCountError: Too few arguments to function sanitize_term_field(), 1 passed in /var/www/andylongstore/wp-content/plugins/xt-woo-variation-swatches-pro/admin/class-admin.php on line 501 and exactly 5 expected in /var/www/andylongstore/wp-includes/taxonomy.php:1633
Stack trace:
#0 /var/www/andylongstore/wp-content/plugins/xt-woo-variation-swatches-pro/admin/class-admin.php(501): sanitize_term_field('product')
#1 /var/www/andylongstore/wp-includes/class-wp-hook.php(305): XT_Woo_Variation_Swatches_Admin->quick_edit_attribute_type_field('thumb', 'product')
#2 /var/www/andylongstore/wp-includes/class-wp-hook.php(327): WP_Hook->apply_filters(NULL, Array)
#3 /var/www/andylongstore/wp-includes/plugin.php(470): WP_Hook->do_action(Array)
#4 /var/www/andylongstore/wp-admin/includes/class-wp-posts-list-table.php(1995): do_action('quick_edit_cust...', 'thumb', 'product', '')
#5 /var/www/andylongstore/wp-admin/edit.php(482): WP_Posts_List_Table->inline_edit()
#6 {main}
  thrown in /var/www/andylongstore/wp-includes/taxonomy.php on line 1633

2022-05-23T02:42:13+00:00 CRITICAL Uncaught ArgumentCountError: Too few arguments to function sanitize_term_field(), 1 passed in /var/www/andylongstore/wp-content/plugins/xt-woo-variation-swatches-pro/admin/class-admin.php on line 501 and exactly 5 expected in /var/www/andylongstore/wp-includes/taxonomy.php:1633
Stack trace:
#0 /var/www/andylongstore/wp-content/plugins/xt-woo-variation-swatches-pro/admin/class-admin.php(501): sanitize_term_field('product')
#1 /var/www/andylongstore/wp-includes/class-wp-hook.php(305): XT_Woo_Variation_Swatches_Admin->quick_edit_attribute_type_field('thumb', 'product')
#2 /var/www/andylongstore/wp-includes/class-wp-hook.php(327): WP_Hook->apply_filters(NULL, Array)
#3 /var/www/andylongstore/wp-includes/plugin.php(470): WP_Hook->do_action(Array)
#4 /var/www/andylongstore/wp-admin/includes/class-wp-posts-list-table.php(1995): do_action('quick_edit_cust...', 'thumb', 'product', '')
#5 /var/www/andylongstore/wp-admin/edit.php(482): WP_Posts_List_Table->inline_edit()
#6 {main}
  thrown in /var/www/andylongstore/wp-includes/taxonomy.php on line 1633

2022-05-23T02:42:50+00:00 CRITICAL Uncaught ArgumentCountError: Too few arguments to function sanitize_term_field(), 1 passed in /var/www/andylongstore/wp-content/plugins/xt-woo-variation-swatches-pro/admin/class-admin.php on line 501 and exactly 5 expected in /var/www/andylongstore/wp-includes/taxonomy.php:1633
Stack trace:
#0 /var/www/andylongstore/wp-content/plugins/xt-woo-variation-swatches-pro/admin/class-admin.php(501): sanitize_term_field('product')
#1 /var/www/andylongstore/wp-includes/class-wp-hook.php(305): XT_Woo_Variation_Swatches_Admin->quick_edit_attribute_type_field('thumb', 'product')
#2 /var/www/andylongstore/wp-includes/class-wp-hook.php(327): WP_Hook->apply_filters(NULL, Array)
#3 /var/www/andylongstore/wp-includes/plugin.php(470): WP_Hook->do_action(Array)
#4 /var/www/andylongstore/wp-admin/includes/class-wp-posts-list-table.php(1995): do_action('quick_edit_cust...', 'thumb', 'product', '')
#5 /var/www/andylongstore/wp-admin/edit.php(482): WP_Posts_List_Table->inline_edit()
#6 {main}
  thrown in /var/www/andylongstore/wp-includes/taxonomy.php on line 1633

2022-05-23T02:45:42+00:00 CRITICAL Uncaught ArgumentCountError: Too few arguments to function sanitize_term_field(), 1 passed in /var/www/andylongstore/wp-content/plugins/xt-woo-variation-swatches-pro/admin/class-admin.php on line 501 and exactly 5 expected in /var/www/andylongstore/wp-includes/taxonomy.php:1633
Stack trace:
#0 /var/www/andylongstore/wp-content/plugins/xt-woo-variation-swatches-pro/admin/class-admin.php(501): sanitize_term_field('product')
#1 /var/www/andylongstore/wp-includes/class-wp-hook.php(305): XT_Woo_Variation_Swatches_Admin->quick_edit_attribute_type_field('thumb', 'product')
#2 /var/www/andylongstore/wp-includes/class-wp-hook.php(327): WP_Hook->apply_filters(NULL, Array)
#3 /var/www/andylongstore/wp-includes/plugin.php(470): WP_Hook->do_action(Array)
#4 /var/www/andylongstore/wp-admin/includes/class-wp-posts-list-table.php(1995): do_action('quick_edit_cust...', 'thumb', 'product', '')
#5 /var/www/andylongstore/wp-admin/edit.php(482): WP_Posts_List_Table->inline_edit()
#6 {main}
  thrown in /var/www/andylongstore/wp-includes/taxonomy.php on line 1633

2022-05-23T02:46:58+00:00 CRITICAL Uncaught ArgumentCountError: Too few arguments to function sanitize_term_field(), 1 passed in /var/www/andylongstore/wp-content/plugins/xt-woo-variation-swatches-pro/admin/class-admin.php on line 501 and exactly 5 expected in /var/www/andylongstore/wp-includes/taxonomy.php:1633
Stack trace:
#0 /var/www/andylongstore/wp-content/plugins/xt-woo-variation-swatches-pro/admin/class-admin.php(501): sanitize_term_field('product')
#1 /var/www/andylongstore/wp-includes/class-wp-hook.php(305): XT_Woo_Variation_Swatches_Admin->quick_edit_attribute_type_field('thumb', 'product')
#2 /var/www/andylongstore/wp-includes/class-wp-hook.php(327): WP_Hook->apply_filters(NULL, Array)
#3 /var/www/andylongstore/wp-includes/plugin.php(470): WP_Hook->do_action(Array)
#4 /var/www/andylongstore/wp-admin/includes/class-wp-posts-list-table.php(1995): do_action('quick_edit_cust...', 'thumb', 'product', '')
#5 /var/www/andylongstore/wp-admin/edit.php(482): WP_Posts_List_Table->inline_edit()
#6 {main}
  thrown in /var/www/andylongstore/wp-includes/taxonomy.php on line 1633

2022-05-23T02:47:48+00:00 CRITICAL Uncaught ArgumentCountError: Too few arguments to function sanitize_term_field(), 1 passed in /var/www/andylongstore/wp-content/plugins/xt-woo-variation-swatches-pro/admin/class-admin.php on line 501 and exactly 5 expected in /var/www/andylongstore/wp-includes/taxonomy.php:1633
Stack trace:
#0 /var/www/andylongstore/wp-content/plugins/xt-woo-variation-swatches-pro/admin/class-admin.php(501): sanitize_term_field('product')
#1 /var/www/andylongstore/wp-includes/class-wp-hook.php(305): XT_Woo_Variation_Swatches_Admin->quick_edit_attribute_type_field('thumb', 'product')
#2 /var/www/andylongstore/wp-includes/class-wp-hook.php(327): WP_Hook->apply_filters(NULL, Array)
#3 /var/www/andylongstore/wp-includes/plugin.php(470): WP_Hook->do_action(Array)
#4 /var/www/andylongstore/wp-admin/includes/class-wp-posts-list-table.php(1995): do_action('quick_edit_cust...', 'thumb', 'product', '')
#5 /var/www/andylongstore/wp-admin/edit.php(482): WP_Posts_List_Table->inline_edit()
#6 {main}
  thrown in /var/www/andylongstore/wp-includes/taxonomy.php on line 1633

2022-05-23T02:47:49+00:00 CRITICAL Uncaught ArgumentCountError: Too few arguments to function sanitize_term_field(), 1 passed in /var/www/andylongstore/wp-content/plugins/xt-woo-variation-swatches-pro/admin/class-admin.php on line 501 and exactly 5 expected in /var/www/andylongstore/wp-includes/taxonomy.php:1633
Stack trace:
#0 /var/www/andylongstore/wp-content/plugins/xt-woo-variation-swatches-pro/admin/class-admin.php(501): sanitize_term_field('product')
#1 /var/www/andylongstore/wp-includes/class-wp-hook.php(305): XT_Woo_Variation_Swatches_Admin->quick_edit_attribute_type_field('thumb', 'product')
#2 /var/www/andylongstore/wp-includes/class-wp-hook.php(327): WP_Hook->apply_filters(NULL, Array)
#3 /var/www/andylongstore/wp-includes/plugin.php(470): WP_Hook->do_action(Array)
#4 /var/www/andylongstore/wp-admin/includes/class-wp-posts-list-table.php(1995): do_action('quick_edit_cust...', 'thumb', 'product', '')
#5 /var/www/andylongstore/wp-admin/edit.php(482): WP_Posts_List_Table->inline_edit()
#6 {main}
  thrown in /var/www/andylongstore/wp-includes/taxonomy.php on line 1633

2022-05-23T02:48:07+00:00 CRITICAL Uncaught ArgumentCountError: Too few arguments to function sanitize_term_field(), 1 passed in /var/www/andylongstore/wp-content/plugins/xt-woo-variation-swatches-pro/admin/class-admin.php on line 501 and exactly 5 expected in /var/www/andylongstore/wp-includes/taxonomy.php:1633
Stack trace:
#0 /var/www/andylongstore/wp-content/plugins/xt-woo-variation-swatches-pro/admin/class-admin.php(501): sanitize_term_field('product')
#1 /var/www/andylongstore/wp-includes/class-wp-hook.php(305): XT_Woo_Variation_Swatches_Admin->quick_edit_attribute_type_field('thumb', 'product')
#2 /var/www/andylongstore/wp-includes/class-wp-hook.php(327): WP_Hook->apply_filters(NULL, Array)
#3 /var/www/andylongstore/wp-includes/plugin.php(470): WP_Hook->do_action(Array)
#4 /var/www/andylongstore/wp-admin/includes/class-wp-posts-list-table.php(1995): do_action('quick_edit_cust...', 'thumb', 'product', '')
#5 /var/www/andylongstore/wp-admin/edit.php(482): WP_Posts_List_Table->inline_edit()
#6 {main}
  thrown in /var/www/andylongstore/wp-includes/taxonomy.php on line 1633

2022-05-23T02:48:18+00:00 CRITICAL Uncaught ArgumentCountError: Too few arguments to function sanitize_term_field(), 1 passed in /var/www/andylongstore/wp-content/plugins/xt-woo-variation-swatches-pro/admin/class-admin.php on line 501 and exactly 5 expected in /var/www/andylongstore/wp-includes/taxonomy.php:1633
Stack trace:
#0 /var/www/andylongstore/wp-content/plugins/xt-woo-variation-swatches-pro/admin/class-admin.php(501): sanitize_term_field('product')
#1 /var/www/andylongstore/wp-includes/class-wp-hook.php(305): XT_Woo_Variation_Swatches_Admin->quick_edit_attribute_type_field('thumb', 'product')
#2 /var/www/andylongstore/wp-includes/class-wp-hook.php(327): WP_Hook->apply_filters(NULL, Array)
#3 /var/www/andylongstore/wp-includes/plugin.php(470): WP_Hook->do_action(Array)
#4 /var/www/andylongstore/wp-admin/includes/class-wp-posts-list-table.php(1995): do_action('quick_edit_cust...', 'thumb', 'product', '')
#5 /var/www/andylongstore/wp-admin/edit.php(482): WP_Posts_List_Table->inline_edit()
#6 {main}
  thrown in /var/www/andylongstore/wp-includes/taxonomy.php on line 1633

2022-05-23T02:49:33+00:00 CRITICAL Uncaught ArgumentCountError: Too few arguments to function sanitize_term_field(), 1 passed in /var/www/andylongstore/wp-content/plugins/xt-woo-variation-swatches-pro/admin/class-admin.php on line 501 and exactly 5 expected in /var/www/andylongstore/wp-includes/taxonomy.php:1633
Stack trace:
#0 /var/www/andylongstore/wp-content/plugins/xt-woo-variation-swatches-pro/admin/class-admin.php(501): sanitize_term_field('product')
#1 /var/www/andylongstore/wp-includes/class-wp-hook.php(305): XT_Woo_Variation_Swatches_Admin->quick_edit_attribute_type_field('thumb', 'product')
#2 /var/www/andylongstore/wp-includes/class-wp-hook.php(327): WP_Hook->apply_filters(NULL, Array)
#3 /var/www/andylongstore/wp-includes/plugin.php(470): WP_Hook->do_action(Array)
#4 /var/www/andylongstore/wp-admin/includes/class-wp-posts-list-table.php(1995): do_action('quick_edit_cust...', 'thumb', 'product', '')
#5 /var/www/andylongstore/wp-admin/edit.php(482): WP_Posts_List_Table->inline_edit()
#6 {main}
  thrown in /var/www/andylongstore/wp-includes/taxonomy.php on line 1633

2022-05-23T02:53:05+00:00 CRITICAL Uncaught ArgumentCountError: Too few arguments to function sanitize_term_field(), 1 passed in /var/www/andylongstore/wp-content/plugins/xt-woo-variation-swatches-pro/admin/class-admin.php on line 501 and exactly 5 expected in /var/www/andylongstore/wp-includes/taxonomy.php:1633
Stack trace:
#0 /var/www/andylongstore/wp-content/plugins/xt-woo-variation-swatches-pro/admin/class-admin.php(501): sanitize_term_field('product')
#1 /var/www/andylongstore/wp-includes/class-wp-hook.php(305): XT_Woo_Variation_Swatches_Admin->quick_edit_attribute_type_field('thumb', 'product')
#2 /var/www/andylongstore/wp-includes/class-wp-hook.php(327): WP_Hook->apply_filters(NULL, Array)
#3 /var/www/andylongstore/wp-includes/plugin.php(470): WP_Hook->do_action(Array)
#4 /var/www/andylongstore/wp-admin/includes/class-wp-posts-list-table.php(1995): do_action('quick_edit_cust...', 'thumb', 'product', '')
#5 /var/www/andylongstore/wp-admin/edit.php(482): WP_Posts_List_Table->inline_edit()
#6 {main}
  thrown in /var/www/andylongstore/wp-includes/taxonomy.php on line 1633

2022-05-23T03:13:41+00:00 CRITICAL Uncaught ArgumentCountError: Too few arguments to function sanitize_term_field(), 1 passed in /var/www/andylongstore/wp-content/plugins/xt-woo-variation-swatches-pro/admin/class-admin.php on line 501 and exactly 5 expected in /var/www/andylongstore/wp-includes/taxonomy.php:1633
Stack trace:
#0 /var/www/andylongstore/wp-content/plugins/xt-woo-variation-swatches-pro/admin/class-admin.php(501): sanitize_term_field('product')
#1 /var/www/andylongstore/wp-includes/class-wp-hook.php(305): XT_Woo_Variation_Swatches_Admin->quick_edit_attribute_type_field('thumb', 'product')
#2 /var/www/andylongstore/wp-includes/class-wp-hook.php(327): WP_Hook->apply_filters(NULL, Array)
#3 /var/www/andylongstore/wp-includes/plugin.php(470): WP_Hook->do_action(Array)
#4 /var/www/andylongstore/wp-admin/includes/class-wp-posts-list-table.php(1995): do_action('quick_edit_cust...', 'thumb', 'product', '')
#5 /var/www/andylongstore/wp-admin/edit.php(482): WP_Posts_List_Table->inline_edit()
#6 {main}
  thrown in /var/www/andylongstore/wp-includes/taxonomy.php on line 1633

2022-05-23T03:14:01+00:00 CRITICAL Uncaught ArgumentCountError: Too few arguments to function sanitize_term_field(), 1 passed in /var/www/andylongstore/wp-content/plugins/xt-woo-variation-swatches-pro/admin/class-admin.php on line 501 and exactly 5 expected in /var/www/andylongstore/wp-includes/taxonomy.php:1633
Stack trace:
#0 /var/www/andylongstore/wp-content/plugins/xt-woo-variation-swatches-pro/admin/class-admin.php(501): sanitize_term_field('product')
#1 /var/www/andylongstore/wp-includes/class-wp-hook.php(305): XT_Woo_Variation_Swatches_Admin->quick_edit_attribute_type_field('thumb', 'product')
#2 /var/www/andylongstore/wp-includes/class-wp-hook.php(327): WP_Hook->apply_filters(NULL, Array)
#3 /var/www/andylongstore/wp-includes/plugin.php(470): WP_Hook->do_action(Array)
#4 /var/www/andylongstore/wp-admin/includes/class-wp-posts-list-table.php(1995): do_action('quick_edit_cust...', 'thumb', 'product', '')
#5 /var/www/andylongstore/wp-admin/edit.php(482): WP_Posts_List_Table->inline_edit()
#6 {main}
  thrown in /var/www/andylongstore/wp-includes/taxonomy.php on line 1633

2022-05-23T03:18:11+00:00 CRITICAL Uncaught ArgumentCountError: Too few arguments to function sanitize_term_field(), 1 passed in /var/www/andylongstore/wp-content/plugins/xt-woo-variation-swatches-pro/admin/class-admin.php on line 501 and exactly 5 expected in /var/www/andylongstore/wp-includes/taxonomy.php:1633
Stack trace:
#0 /var/www/andylongstore/wp-content/plugins/xt-woo-variation-swatches-pro/admin/class-admin.php(501): sanitize_term_field('product')
#1 /var/www/andylongstore/wp-includes/class-wp-hook.php(305): XT_Woo_Variation_Swatches_Admin->quick_edit_attribute_type_field('thumb', 'edit-tags')
#2 /var/www/andylongstore/wp-includes/class-wp-hook.php(327): WP_Hook->apply_filters(NULL, Array)
#3 /var/www/andylongstore/wp-includes/plugin.php(470): WP_Hook->do_action(Array)
#4 /var/www/andylongstore/wp-admin/includes/class-wp-terms-list-table.php(701): do_action('quick_edit_cust...', 'thumb', 'edit-tags', 'product_cat')
#5 /var/www/andylongstore/wp-admin/edit-tags.php(689): WP_Terms_List_Table->inline_edit()
#6 {main}
  thrown in /var/www/andylongstore/wp-includes/taxonomy.php on line 1633

2022-05-23T03:18:28+00:00 CRITICAL Uncaught ArgumentCountError: Too few arguments to function sanitize_term_field(), 1 passed in /var/www/andylongstore/wp-content/plugins/xt-woo-variation-swatches-pro/admin/class-admin.php on line 501 and exactly 5 expected in /var/www/andylongstore/wp-includes/taxonomy.php:1633
Stack trace:
#0 /var/www/andylongstore/wp-content/plugins/xt-woo-variation-swatches-pro/admin/class-admin.php(501): sanitize_term_field('product')
#1 /var/www/andylongstore/wp-includes/class-wp-hook.php(305): XT_Woo_Variation_Swatches_Admin->quick_edit_attribute_type_field('thumb', 'edit-tags')
#2 /var/www/andylongstore/wp-includes/class-wp-hook.php(327): WP_Hook->apply_filters(NULL, Array)
#3 /var/www/andylongstore/wp-includes/plugin.php(470): WP_Hook->do_action(Array)
#4 /var/www/andylongstore/wp-admin/includes/class-wp-terms-list-table.php(701): do_action('quick_edit_cust...', 'thumb', 'edit-tags', 'product_cat')
#5 /var/www/andylongstore/wp-admin/edit-tags.php(689): WP_Terms_List_Table->inline_edit()
#6 {main}
  thrown in /var/www/andylongstore/wp-includes/taxonomy.php on line 1633

2022-05-23T03:18:38+00:00 CRITICAL Uncaught ArgumentCountError: Too few arguments to function sanitize_term_field(), 1 passed in /var/www/andylongstore/wp-content/plugins/xt-woo-variation-swatches-pro/admin/class-admin.php on line 501 and exactly 5 expected in /var/www/andylongstore/wp-includes/taxonomy.php:1633
Stack trace:
#0 /var/www/andylongstore/wp-content/plugins/xt-woo-variation-swatches-pro/admin/class-admin.php(501): sanitize_term_field('product')
#1 /var/www/andylongstore/wp-includes/class-wp-hook.php(305): XT_Woo_Variation_Swatches_Admin->quick_edit_attribute_type_field('thumb', 'edit-tags')
#2 /var/www/andylongstore/wp-includes/class-wp-hook.php(327): WP_Hook->apply_filters(NULL, Array)
#3 /var/www/andylongstore/wp-includes/plugin.php(470): WP_Hook->do_action(Array)
#4 /var/www/andylongstore/wp-admin/includes/class-wp-terms-list-table.php(701): do_action('quick_edit_cust...', 'thumb', 'edit-tags', 'product_cat')
#5 /var/www/andylongstore/wp-admin/edit-tags.php(689): WP_Terms_List_Table->inline_edit()
#6 {main}
  thrown in /var/www/andylongstore/wp-includes/taxonomy.php on line 1633

2022-05-23T03:18:44+00:00 CRITICAL Uncaught ArgumentCountError: Too few arguments to function sanitize_term_field(), 1 passed in /var/www/andylongstore/wp-content/plugins/xt-woo-variation-swatches-pro/admin/class-admin.php on line 501 and exactly 5 expected in /var/www/andylongstore/wp-includes/taxonomy.php:1633
Stack trace:
#0 /var/www/andylongstore/wp-content/plugins/xt-woo-variation-swatches-pro/admin/class-admin.php(501): sanitize_term_field('product')
#1 /var/www/andylongstore/wp-includes/class-wp-hook.php(305): XT_Woo_Variation_Swatches_Admin->quick_edit_attribute_type_field('thumb', 'edit-tags')
#2 /var/www/andylongstore/wp-includes/class-wp-hook.php(327): WP_Hook->apply_filters(NULL, Array)
#3 /var/www/andylongstore/wp-includes/plugin.php(470): WP_Hook->do_action(Array)
#4 /var/www/andylongstore/wp-admin/includes/class-wp-terms-list-table.php(701): do_action('quick_edit_cust...', 'thumb', 'edit-tags', 'product_cat')
#5 /var/www/andylongstore/wp-admin/edit-tags.php(689): WP_Terms_List_Table->inline_edit()
#6 {main}
  thrown in /var/www/andylongstore/wp-includes/taxonomy.php on line 1633

2022-05-23T03:18:52+00:00 CRITICAL Uncaught ArgumentCountError: Too few arguments to function sanitize_term_field(), 1 passed in /var/www/andylongstore/wp-content/plugins/xt-woo-variation-swatches-pro/admin/class-admin.php on line 501 and exactly 5 expected in /var/www/andylongstore/wp-includes/taxonomy.php:1633
Stack trace:
#0 /var/www/andylongstore/wp-content/plugins/xt-woo-variation-swatches-pro/admin/class-admin.php(501): sanitize_term_field('product')
#1 /var/www/andylongstore/wp-includes/class-wp-hook.php(305): XT_Woo_Variation_Swatches_Admin->quick_edit_attribute_type_field('thumb', 'edit-tags')
#2 /var/www/andylongstore/wp-includes/class-wp-hook.php(327): WP_Hook->apply_filters(NULL, Array)
#3 /var/www/andylongstore/wp-includes/plugin.php(470): WP_Hook->do_action(Array)
#4 /var/www/andylongstore/wp-admin/includes/class-wp-terms-list-table.php(701): do_action('quick_edit_cust...', 'thumb', 'edit-tags', 'product_cat')
#5 /var/www/andylongstore/wp-admin/edit-tags.php(689): WP_Terms_List_Table->inline_edit()
#6 {main}
  thrown in /var/www/andylongstore/wp-includes/taxonomy.php on line 1633

2022-05-23T03:18:57+00:00 CRITICAL Uncaught ArgumentCountError: Too few arguments to function sanitize_term_field(), 1 passed in /var/www/andylongstore/wp-content/plugins/xt-woo-variation-swatches-pro/admin/class-admin.php on line 501 and exactly 5 expected in /var/www/andylongstore/wp-includes/taxonomy.php:1633
Stack trace:
#0 /var/www/andylongstore/wp-content/plugins/xt-woo-variation-swatches-pro/admin/class-admin.php(501): sanitize_term_field('product')
#1 /var/www/andylongstore/wp-includes/class-wp-hook.php(305): XT_Woo_Variation_Swatches_Admin->quick_edit_attribute_type_field('thumb', 'edit-tags')
#2 /var/www/andylongstore/wp-includes/class-wp-hook.php(327): WP_Hook->apply_filters(NULL, Array)
#3 /var/www/andylongstore/wp-includes/plugin.php(470): WP_Hook->do_action(Array)
#4 /var/www/andylongstore/wp-admin/includes/class-wp-terms-list-table.php(701): do_action('quick_edit_cust...', 'thumb', 'edit-tags', 'product_cat')
#5 /var/www/andylongstore/wp-admin/edit-tags.php(689): WP_Terms_List_Table->inline_edit()
#6 {main}
  thrown in /var/www/andylongstore/wp-includes/taxonomy.php on line 1633

2022-05-23T03:19:07+00:00 CRITICAL Uncaught ArgumentCountError: Too few arguments to function sanitize_term_field(), 1 passed in /var/www/andylongstore/wp-content/plugins/xt-woo-variation-swatches-pro/admin/class-admin.php on line 501 and exactly 5 expected in /var/www/andylongstore/wp-includes/taxonomy.php:1633
Stack trace:
#0 /var/www/andylongstore/wp-content/plugins/xt-woo-variation-swatches-pro/admin/class-admin.php(501): sanitize_term_field('product')
#1 /var/www/andylongstore/wp-includes/class-wp-hook.php(305): XT_Woo_Variation_Swatches_Admin->quick_edit_attribute_type_field('thumb', 'edit-tags')
#2 /var/www/andylongstore/wp-includes/class-wp-hook.php(327): WP_Hook->apply_filters(NULL, Array)
#3 /var/www/andylongstore/wp-includes/plugin.php(470): WP_Hook->do_action(Array)
#4 /var/www/andylongstore/wp-admin/includes/class-wp-terms-list-table.php(701): do_action('quick_edit_cust...', 'thumb', 'edit-tags', 'product_cat')
#5 /var/www/andylongstore/wp-admin/edit-tags.php(689): WP_Terms_List_Table->inline_edit()
#6 {main}
  thrown in /var/www/andylongstore/wp-includes/taxonomy.php on line 1633

2022-05-23T03:20:03+00:00 CRITICAL Uncaught ArgumentCountError: Too few arguments to function sanitize_term_field(), 1 passed in /var/www/andylongstore/wp-content/plugins/xt-woo-variation-swatches-pro/admin/class-admin.php on line 501 and exactly 5 expected in /var/www/andylongstore/wp-includes/taxonomy.php:1633
Stack trace:
#0 /var/www/andylongstore/wp-content/plugins/xt-woo-variation-swatches-pro/admin/class-admin.php(501): sanitize_term_field('product')
#1 /var/www/andylongstore/wp-includes/class-wp-hook.php(305): XT_Woo_Variation_Swatches_Admin->quick_edit_attribute_type_field('thumb', 'product')
#2 /var/www/andylongstore/wp-includes/class-wp-hook.php(327): WP_Hook->apply_filters(NULL, Array)
#3 /var/www/andylongstore/wp-includes/plugin.php(470): WP_Hook->do_action(Array)
#4 /var/www/andylongstore/wp-admin/includes/class-wp-posts-list-table.php(1995): do_action('quick_edit_cust...', 'thumb', 'product', '')
#5 /var/www/andylongstore/wp-admin/edit.php(482): WP_Posts_List_Table->inline_edit()
#6 {main}
  thrown in /var/www/andylongstore/wp-includes/taxonomy.php on line 1633

2022-05-23T03:20:19+00:00 CRITICAL Uncaught ArgumentCountError: Too few arguments to function sanitize_term_field(), 1 passed in /var/www/andylongstore/wp-content/plugins/xt-woo-variation-swatches-pro/admin/class-admin.php on line 501 and exactly 5 expected in /var/www/andylongstore/wp-includes/taxonomy.php:1633
Stack trace:
#0 /var/www/andylongstore/wp-content/plugins/xt-woo-variation-swatches-pro/admin/class-admin.php(501): sanitize_term_field('product')
#1 /var/www/andylongstore/wp-includes/class-wp-hook.php(305): XT_Woo_Variation_Swatches_Admin->quick_edit_attribute_type_field('thumb', 'product')
#2 /var/www/andylongstore/wp-includes/class-wp-hook.php(327): WP_Hook->apply_filters(NULL, Array)
#3 /var/www/andylongstore/wp-includes/plugin.php(470): WP_Hook->do_action(Array)
#4 /var/www/andylongstore/wp-admin/includes/class-wp-posts-list-table.php(1995): do_action('quick_edit_cust...', 'thumb', 'product', '')
#5 /var/www/andylongstore/wp-admin/edit.php(482): WP_Posts_List_Table->inline_edit()
#6 {main}
  thrown in /var/www/andylongstore/wp-includes/taxonomy.php on line 1633

2022-05-23T03:39:11+00:00 CRITICAL Uncaught ArgumentCountError: Too few arguments to function sanitize_term_field(), 1 passed in /var/www/andylongstore/wp-content/plugins/xt-woo-variation-swatches-pro/admin/class-admin.php on line 501 and exactly 5 expected in /var/www/andylongstore/wp-includes/taxonomy.php:1633
Stack trace:
#0 /var/www/andylongstore/wp-content/plugins/xt-woo-variation-swatches-pro/admin/class-admin.php(501): sanitize_term_field('product')
#1 /var/www/andylongstore/wp-includes/class-wp-hook.php(305): XT_Woo_Variation_Swatches_Admin->quick_edit_attribute_type_field('thumb', 'product')
#2 /var/www/andylongstore/wp-includes/class-wp-hook.php(327): WP_Hook->apply_filters(NULL, Array)
#3 /var/www/andylongstore/wp-includes/plugin.php(470): WP_Hook->do_action(Array)
#4 /var/www/andylongstore/wp-admin/includes/class-wp-posts-list-table.php(1995): do_action('quick_edit_cust...', 'thumb', 'product', '')
#5 /var/www/andylongstore/wp-admin/edit.php(482): WP_Posts_List_Table->inline_edit()
#6 {main}
  thrown in /var/www/andylongstore/wp-includes/taxonomy.php on line 1633

2022-05-23T03:41:29+00:00 CRITICAL Uncaught ArgumentCountError: Too few arguments to function sanitize_term_field(), 1 passed in /var/www/andylongstore/wp-content/plugins/xt-woo-variation-swatches-pro/admin/class-admin.php on line 501 and exactly 5 expected in /var/www/andylongstore/wp-includes/taxonomy.php:1633
Stack trace:
#0 /var/www/andylongstore/wp-content/plugins/xt-woo-variation-swatches-pro/admin/class-admin.php(501): sanitize_term_field('product')
#1 /var/www/andylongstore/wp-includes/class-wp-hook.php(305): XT_Woo_Variation_Swatches_Admin->quick_edit_attribute_type_field('thumb', 'edit-tags')
#2 /var/www/andylongstore/wp-includes/class-wp-hook.php(327): WP_Hook->apply_filters(NULL, Array)
#3 /var/www/andylongstore/wp-includes/plugin.php(470): WP_Hook->do_action(Array)
#4 /var/www/andylongstore/wp-admin/includes/class-wp-terms-list-table.php(701): do_action('quick_edit_cust...', 'thumb', 'edit-tags', 'product_cat')
#5 /var/www/andylongstore/wp-admin/edit-tags.php(689): WP_Terms_List_Table->inline_edit()
#6 {main}
  thrown in /var/www/andylongstore/wp-includes/taxonomy.php on line 1633

2022-05-23T03:41:37+00:00 CRITICAL Uncaught ArgumentCountError: Too few arguments to function sanitize_term_field(), 1 passed in /var/www/andylongstore/wp-content/plugins/xt-woo-variation-swatches-pro/admin/class-admin.php on line 501 and exactly 5 expected in /var/www/andylongstore/wp-includes/taxonomy.php:1633
Stack trace:
#0 /var/www/andylongstore/wp-content/plugins/xt-woo-variation-swatches-pro/admin/class-admin.php(501): sanitize_term_field('product')
#1 /var/www/andylongstore/wp-includes/class-wp-hook.php(305): XT_Woo_Variation_Swatches_Admin->quick_edit_attribute_type_field('thumb', 'edit-tags')
#2 /var/www/andylongstore/wp-includes/class-wp-hook.php(327): WP_Hook->apply_filters(NULL, Array)
#3 /var/www/andylongstore/wp-includes/plugin.php(470): WP_Hook->do_action(Array)
#4 /var/www/andylongstore/wp-admin/includes/class-wp-terms-list-table.php(701): do_action('quick_edit_cust...', 'thumb', 'edit-tags', 'product_cat')
#5 /var/www/andylongstore/wp-admin/edit-tags.php(689): WP_Terms_List_Table->inline_edit()
#6 {main}
  thrown in /var/www/andylongstore/wp-includes/taxonomy.php on line 1633

2022-05-23T03:43:13+00:00 CRITICAL Uncaught ArgumentCountError: Too few arguments to function sanitize_term_field(), 1 passed in /var/www/andylongstore/wp-content/plugins/xt-woo-variation-swatches-pro/admin/class-admin.php on line 501 and exactly 5 expected in /var/www/andylongstore/wp-includes/taxonomy.php:1633
Stack trace:
#0 /var/www/andylongstore/wp-content/plugins/xt-woo-variation-swatches-pro/admin/class-admin.php(501): sanitize_term_field('product')
#1 /var/www/andylongstore/wp-includes/class-wp-hook.php(305): XT_Woo_Variation_Swatches_Admin->quick_edit_attribute_type_field('thumb', 'edit-tags')
#2 /var/www/andylongstore/wp-includes/class-wp-hook.php(327): WP_Hook->apply_filters(NULL, Array)
#3 /var/www/andylongstore/wp-includes/plugin.php(470): WP_Hook->do_action(Array)
#4 /var/www/andylongstore/wp-admin/includes/class-wp-terms-list-table.php(701): do_action('quick_edit_cust...', 'thumb', 'edit-tags', 'product_cat')
#5 /var/www/andylongstore/wp-admin/edit-tags.php(689): WP_Terms_List_Table->inline_edit()
#6 {main}
  thrown in /var/www/andylongstore/wp-includes/taxonomy.php on line 1633

2022-05-23T03:43:44+00:00 CRITICAL Uncaught ArgumentCountError: Too few arguments to function sanitize_term_field(), 1 passed in /var/www/andylongstore/wp-content/plugins/xt-woo-variation-swatches-pro/admin/class-admin.php on line 501 and exactly 5 expected in /var/www/andylongstore/wp-includes/taxonomy.php:1633
Stack trace:
#0 /var/www/andylongstore/wp-content/plugins/xt-woo-variation-swatches-pro/admin/class-admin.php(501): sanitize_term_field('product')
#1 /var/www/andylongstore/wp-includes/class-wp-hook.php(305): XT_Woo_Variation_Swatches_Admin->quick_edit_attribute_type_field('thumb', 'edit-tags')
#2 /var/www/andylongstore/wp-includes/class-wp-hook.php(327): WP_Hook->apply_filters(NULL, Array)
#3 /var/www/andylongstore/wp-includes/plugin.php(470): WP_Hook->do_action(Array)
#4 /var/www/andylongstore/wp-admin/includes/class-wp-terms-list-table.php(701): do_action('quick_edit_cust...', 'thumb', 'edit-tags', 'product_cat')
#5 /var/www/andylongstore/wp-admin/edit-tags.php(689): WP_Terms_List_Table->inline_edit()
#6 {main}
  thrown in /var/www/andylongstore/wp-includes/taxonomy.php on line 1633

2022-05-23T03:43:53+00:00 CRITICAL Uncaught ArgumentCountError: Too few arguments to function sanitize_term_field(), 1 passed in /var/www/andylongstore/wp-content/plugins/xt-woo-variation-swatches-pro/admin/class-admin.php on line 501 and exactly 5 expected in /var/www/andylongstore/wp-includes/taxonomy.php:1633
Stack trace:
#0 /var/www/andylongstore/wp-content/plugins/xt-woo-variation-swatches-pro/admin/class-admin.php(501): sanitize_term_field('product')
#1 /var/www/andylongstore/wp-includes/class-wp-hook.php(305): XT_Woo_Variation_Swatches_Admin->quick_edit_attribute_type_field('thumb', 'edit-tags')
#2 /var/www/andylongstore/wp-includes/class-wp-hook.php(327): WP_Hook->apply_filters(NULL, Array)
#3 /var/www/andylongstore/wp-includes/plugin.php(470): WP_Hook->do_action(Array)
#4 /var/www/andylongstore/wp-admin/includes/class-wp-terms-list-table.php(701): do_action('quick_edit_cust...', 'thumb', 'edit-tags', 'product_cat')
#5 /var/www/andylongstore/wp-admin/edit-tags.php(689): WP_Terms_List_Table->inline_edit()
#6 {main}
  thrown in /var/www/andylongstore/wp-includes/taxonomy.php on line 1633

2022-05-23T03:44:07+00:00 CRITICAL Uncaught ArgumentCountError: Too few arguments to function sanitize_term_field(), 1 passed in /var/www/andylongstore/wp-content/plugins/xt-woo-variation-swatches-pro/admin/class-admin.php on line 501 and exactly 5 expected in /var/www/andylongstore/wp-includes/taxonomy.php:1633
Stack trace:
#0 /var/www/andylongstore/wp-content/plugins/xt-woo-variation-swatches-pro/admin/class-admin.php(501): sanitize_term_field('product')
#1 /var/www/andylongstore/wp-includes/class-wp-hook.php(305): XT_Woo_Variation_Swatches_Admin->quick_edit_attribute_type_field('thumb', 'product')
#2 /var/www/andylongstore/wp-includes/class-wp-hook.php(327): WP_Hook->apply_filters(NULL, Array)
#3 /var/www/andylongstore/wp-includes/plugin.php(470): WP_Hook->do_action(Array)
#4 /var/www/andylongstore/wp-admin/includes/class-wp-posts-list-table.php(1995): do_action('quick_edit_cust...', 'thumb', 'product', '')
#5 /var/www/andylongstore/wp-admin/edit.php(482): WP_Posts_List_Table->inline_edit()
#6 {main}
  thrown in /var/www/andylongstore/wp-includes/taxonomy.php on line 1633

2022-05-23T03:44:23+00:00 CRITICAL Uncaught ArgumentCountError: Too few arguments to function sanitize_term_field(), 1 passed in /var/www/andylongstore/wp-content/plugins/xt-woo-variation-swatches-pro/admin/class-admin.php on line 501 and exactly 5 expected in /var/www/andylongstore/wp-includes/taxonomy.php:1633
Stack trace:
#0 /var/www/andylongstore/wp-content/plugins/xt-woo-variation-swatches-pro/admin/class-admin.php(501): sanitize_term_field('product')
#1 /var/www/andylongstore/wp-includes/class-wp-hook.php(305): XT_Woo_Variation_Swatches_Admin->quick_edit_attribute_type_field('thumb', 'edit-tags')
#2 /var/www/andylongstore/wp-includes/class-wp-hook.php(327): WP_Hook->apply_filters(NULL, Array)
#3 /var/www/andylongstore/wp-includes/plugin.php(470): WP_Hook->do_action(Array)
#4 /var/www/andylongstore/wp-admin/includes/class-wp-terms-list-table.php(701): do_action('quick_edit_cust...', 'thumb', 'edit-tags', 'product_cat')
#5 /var/www/andylongstore/wp-admin/edit-tags.php(689): WP_Terms_List_Table->inline_edit()
#6 {main}
  thrown in /var/www/andylongstore/wp-includes/taxonomy.php on line 1633

2022-05-23T03:44:23+00:00 CRITICAL Uncaught ArgumentCountError: Too few arguments to function sanitize_term_field(), 1 passed in /var/www/andylongstore/wp-content/plugins/xt-woo-variation-swatches-pro/admin/class-admin.php on line 501 and exactly 5 expected in /var/www/andylongstore/wp-includes/taxonomy.php:1633
Stack trace:
#0 /var/www/andylongstore/wp-content/plugins/xt-woo-variation-swatches-pro/admin/class-admin.php(501): sanitize_term_field('product')
#1 /var/www/andylongstore/wp-includes/class-wp-hook.php(305): XT_Woo_Variation_Swatches_Admin->quick_edit_attribute_type_field('thumb', 'product')
#2 /var/www/andylongstore/wp-includes/class-wp-hook.php(327): WP_Hook->apply_filters(NULL, Array)
#3 /var/www/andylongstore/wp-includes/plugin.php(470): WP_Hook->do_action(Array)
#4 /var/www/andylongstore/wp-admin/includes/class-wp-posts-list-table.php(1995): do_action('quick_edit_cust...', 'thumb', 'product', '')
#5 /var/www/andylongstore/wp-admin/edit.php(482): WP_Posts_List_Table->inline_edit()
#6 {main}
  thrown in /var/www/andylongstore/wp-includes/taxonomy.php on line 1633

2022-05-23T03:44:28+00:00 CRITICAL Uncaught ArgumentCountError: Too few arguments to function sanitize_term_field(), 1 passed in /var/www/andylongstore/wp-content/plugins/xt-woo-variation-swatches-pro/admin/class-admin.php on line 501 and exactly 5 expected in /var/www/andylongstore/wp-includes/taxonomy.php:1633
Stack trace:
#0 /var/www/andylongstore/wp-content/plugins/xt-woo-variation-swatches-pro/admin/class-admin.php(501): sanitize_term_field('product')
#1 /var/www/andylongstore/wp-includes/class-wp-hook.php(305): XT_Woo_Variation_Swatches_Admin->quick_edit_attribute_type_field('thumb', 'edit-tags')
#2 /var/www/andylongstore/wp-includes/class-wp-hook.php(327): WP_Hook->apply_filters(NULL, Array)
#3 /var/www/andylongstore/wp-includes/plugin.php(470): WP_Hook->do_action(Array)
#4 /var/www/andylongstore/wp-admin/includes/class-wp-terms-list-table.php(701): do_action('quick_edit_cust...', 'thumb', 'edit-tags', 'product_cat')
#5 /var/www/andylongstore/wp-admin/edit-tags.php(689): WP_Terms_List_Table->inline_edit()
#6 {main}
  thrown in /var/www/andylongstore/wp-includes/taxonomy.php on line 1633

2022-05-23T03:44:35+00:00 CRITICAL Uncaught ArgumentCountError: Too few arguments to function sanitize_term_field(), 1 passed in /var/www/andylongstore/wp-content/plugins/xt-woo-variation-swatches-pro/admin/class-admin.php on line 501 and exactly 5 expected in /var/www/andylongstore/wp-includes/taxonomy.php:1633
Stack trace:
#0 /var/www/andylongstore/wp-content/plugins/xt-woo-variation-swatches-pro/admin/class-admin.php(501): sanitize_term_field('product')
#1 /var/www/andylongstore/wp-includes/class-wp-hook.php(305): XT_Woo_Variation_Swatches_Admin->quick_edit_attribute_type_field('thumb', 'edit-tags')
#2 /var/www/andylongstore/wp-includes/class-wp-hook.php(327): WP_Hook->apply_filters(NULL, Array)
#3 /var/www/andylongstore/wp-includes/plugin.php(470): WP_Hook->do_action(Array)
#4 /var/www/andylongstore/wp-admin/includes/class-wp-terms-list-table.php(701): do_action('quick_edit_cust...', 'thumb', 'edit-tags', 'product_cat')
#5 /var/www/andylongstore/wp-admin/edit-tags.php(689): WP_Terms_List_Table->inline_edit()
#6 {main}
  thrown in /var/www/andylongstore/wp-includes/taxonomy.php on line 1633

2022-05-23T03:45:04+00:00 CRITICAL Uncaught ArgumentCountError: Too few arguments to function sanitize_term_field(), 1 passed in /var/www/andylongstore/wp-content/plugins/xt-woo-variation-swatches-pro/admin/class-admin.php on line 501 and exactly 5 expected in /var/www/andylongstore/wp-includes/taxonomy.php:1633
Stack trace:
#0 /var/www/andylongstore/wp-content/plugins/xt-woo-variation-swatches-pro/admin/class-admin.php(501): sanitize_term_field('product')
#1 /var/www/andylongstore/wp-includes/class-wp-hook.php(305): XT_Woo_Variation_Swatches_Admin->quick_edit_attribute_type_field('thumb', 'product')
#2 /var/www/andylongstore/wp-includes/class-wp-hook.php(327): WP_Hook->apply_filters(NULL, Array)
#3 /var/www/andylongstore/wp-includes/plugin.php(470): WP_Hook->do_action(Array)
#4 /var/www/andylongstore/wp-admin/includes/class-wp-posts-list-table.php(1995): do_action('quick_edit_cust...', 'thumb', 'product', '')
#5 /var/www/andylongstore/wp-admin/edit.php(482): WP_Posts_List_Table->inline_edit()
#6 {main}
  thrown in /var/www/andylongstore/wp-includes/taxonomy.php on line 1633

2022-05-23T03:46:20+00:00 CRITICAL Uncaught ArgumentCountError: Too few arguments to function sanitize_term_field(), 1 passed in /var/www/andylongstore/wp-content/plugins/xt-woo-variation-swatches-pro/admin/class-admin.php on line 501 and exactly 5 expected in /var/www/andylongstore/wp-includes/taxonomy.php:1633
Stack trace:
#0 /var/www/andylongstore/wp-content/plugins/xt-woo-variation-swatches-pro/admin/class-admin.php(501): sanitize_term_field('product')
#1 /var/www/andylongstore/wp-includes/class-wp-hook.php(305): XT_Woo_Variation_Swatches_Admin->quick_edit_attribute_type_field('thumb', 'product')
#2 /var/www/andylongstore/wp-includes/class-wp-hook.php(327): WP_Hook->apply_filters(NULL, Array)
#3 /var/www/andylongstore/wp-includes/plugin.php(470): WP_Hook->do_action(Array)
#4 /var/www/andylongstore/wp-admin/includes/class-wp-posts-list-table.php(1995): do_action('quick_edit_cust...', 'thumb', 'product', '')
#5 /var/www/andylongstore/wp-admin/edit.php(482): WP_Posts_List_Table->inline_edit()
#6 {main}
  thrown in /var/www/andylongstore/wp-includes/taxonomy.php on line 1633

2022-05-23T03:46:49+00:00 CRITICAL Uncaught ArgumentCountError: Too few arguments to function sanitize_term_field(), 1 passed in /var/www/andylongstore/wp-content/plugins/xt-woo-variation-swatches-pro/admin/class-admin.php on line 501 and exactly 5 expected in /var/www/andylongstore/wp-includes/taxonomy.php:1633
Stack trace:
#0 /var/www/andylongstore/wp-content/plugins/xt-woo-variation-swatches-pro/admin/class-admin.php(501): sanitize_term_field('product')
#1 /var/www/andylongstore/wp-includes/class-wp-hook.php(305): XT_Woo_Variation_Swatches_Admin->quick_edit_attribute_type_field('thumb', 'product')
#2 /var/www/andylongstore/wp-includes/class-wp-hook.php(327): WP_Hook->apply_filters(NULL, Array)
#3 /var/www/andylongstore/wp-includes/plugin.php(470): WP_Hook->do_action(Array)
#4 /var/www/andylongstore/wp-admin/includes/class-wp-posts-list-table.php(1995): do_action('quick_edit_cust...', 'thumb', 'product', '')
#5 /var/www/andylongstore/wp-admin/edit.php(482): WP_Posts_List_Table->inline_edit()
#6 {main}
  thrown in /var/www/andylongstore/wp-includes/taxonomy.php on line 1633

2022-05-23T03:47:42+00:00 CRITICAL Uncaught ArgumentCountError: Too few arguments to function sanitize_term_field(), 1 passed in /var/www/andylongstore/wp-content/plugins/xt-woo-variation-swatches-pro/admin/class-admin.php on line 501 and exactly 5 expected in /var/www/andylongstore/wp-includes/taxonomy.php:1633
Stack trace:
#0 /var/www/andylongstore/wp-content/plugins/xt-woo-variation-swatches-pro/admin/class-admin.php(501): sanitize_term_field('product')
#1 /var/www/andylongstore/wp-includes/class-wp-hook.php(305): XT_Woo_Variation_Swatches_Admin->quick_edit_attribute_type_field('thumb', 'product')
#2 /var/www/andylongstore/wp-includes/class-wp-hook.php(327): WP_Hook->apply_filters(NULL, Array)
#3 /var/www/andylongstore/wp-includes/plugin.php(470): WP_Hook->do_action(Array)
#4 /var/www/andylongstore/wp-admin/includes/class-wp-posts-list-table.php(1995): do_action('quick_edit_cust...', 'thumb', 'product', '')
#5 /var/www/andylongstore/wp-admin/edit.php(482): WP_Posts_List_Table->inline_edit()
#6 {main}
  thrown in /var/www/andylongstore/wp-includes/taxonomy.php on line 1633

2022-05-23T03:48:08+00:00 CRITICAL Uncaught ArgumentCountError: Too few arguments to function sanitize_term_field(), 1 passed in /var/www/andylongstore/wp-content/plugins/xt-woo-variation-swatches-pro/admin/class-admin.php on line 501 and exactly 5 expected in /var/www/andylongstore/wp-includes/taxonomy.php:1633
Stack trace:
#0 /var/www/andylongstore/wp-content/plugins/xt-woo-variation-swatches-pro/admin/class-admin.php(501): sanitize_term_field('product')
#1 /var/www/andylongstore/wp-includes/class-wp-hook.php(305): XT_Woo_Variation_Swatches_Admin->quick_edit_attribute_type_field('thumb', 'product')
#2 /var/www/andylongstore/wp-includes/class-wp-hook.php(327): WP_Hook->apply_filters(NULL, Array)
#3 /var/www/andylongstore/wp-includes/plugin.php(470): WP_Hook->do_action(Array)
#4 /var/www/andylongstore/wp-admin/includes/class-wp-posts-list-table.php(1995): do_action('quick_edit_cust...', 'thumb', 'product', '')
#5 /var/www/andylongstore/wp-admin/edit.php(482): WP_Posts_List_Table->inline_edit()
#6 {main}
  thrown in /var/www/andylongstore/wp-includes/taxonomy.php on line 1633

2022-05-23T03:48:19+00:00 CRITICAL Uncaught ArgumentCountError: Too few arguments to function sanitize_term_field(), 1 passed in /var/www/andylongstore/wp-content/plugins/xt-woo-variation-swatches-pro/admin/class-admin.php on line 501 and exactly 5 expected in /var/www/andylongstore/wp-includes/taxonomy.php:1633
Stack trace:
#0 /var/www/andylongstore/wp-content/plugins/xt-woo-variation-swatches-pro/admin/class-admin.php(501): sanitize_term_field('product')
#1 /var/www/andylongstore/wp-includes/class-wp-hook.php(305): XT_Woo_Variation_Swatches_Admin->quick_edit_attribute_type_field('thumb', 'product')
#2 /var/www/andylongstore/wp-includes/class-wp-hook.php(327): WP_Hook->apply_filters(NULL, Array)
#3 /var/www/andylongstore/wp-includes/plugin.php(470): WP_Hook->do_action(Array)
#4 /var/www/andylongstore/wp-admin/includes/class-wp-posts-list-table.php(1995): do_action('quick_edit_cust...', 'thumb', 'product', '')
#5 /var/www/andylongstore/wp-admin/edit.php(482): WP_Posts_List_Table->inline_edit()
#6 {main}
  thrown in /var/www/andylongstore/wp-includes/taxonomy.php on line 1633

2022-05-23T03:48:27+00:00 CRITICAL Uncaught ArgumentCountError: Too few arguments to function sanitize_term_field(), 1 passed in /var/www/andylongstore/wp-content/plugins/xt-woo-variation-swatches-pro/admin/class-admin.php on line 501 and exactly 5 expected in /var/www/andylongstore/wp-includes/taxonomy.php:1633
Stack trace:
#0 /var/www/andylongstore/wp-content/plugins/xt-woo-variation-swatches-pro/admin/class-admin.php(501): sanitize_term_field('product')
#1 /var/www/andylongstore/wp-includes/class-wp-hook.php(305): XT_Woo_Variation_Swatches_Admin->quick_edit_attribute_type_field('thumb', 'product')
#2 /var/www/andylongstore/wp-includes/class-wp-hook.php(327): WP_Hook->apply_filters(NULL, Array)
#3 /var/www/andylongstore/wp-includes/plugin.php(470): WP_Hook->do_action(Array)
#4 /var/www/andylongstore/wp-admin/includes/class-wp-posts-list-table.php(1995): do_action('quick_edit_cust...', 'thumb', 'product', '')
#5 /var/www/andylongstore/wp-admin/edit.php(482): WP_Posts_List_Table->inline_edit()
#6 {main}
  thrown in /var/www/andylongstore/wp-includes/taxonomy.php on line 1633

2022-05-23T03:48:42+00:00 CRITICAL Uncaught ArgumentCountError: Too few arguments to function sanitize_term_field(), 1 passed in /var/www/andylongstore/wp-content/plugins/xt-woo-variation-swatches-pro/admin/class-admin.php on line 501 and exactly 5 expected in /var/www/andylongstore/wp-includes/taxonomy.php:1633
Stack trace:
#0 /var/www/andylongstore/wp-content/plugins/xt-woo-variation-swatches-pro/admin/class-admin.php(501): sanitize_term_field('product')
#1 /var/www/andylongstore/wp-includes/class-wp-hook.php(305): XT_Woo_Variation_Swatches_Admin->quick_edit_attribute_type_field('thumb', 'product')
#2 /var/www/andylongstore/wp-includes/class-wp-hook.php(327): WP_Hook->apply_filters(NULL, Array)
#3 /var/www/andylongstore/wp-includes/plugin.php(470): WP_Hook->do_action(Array)
#4 /var/www/andylongstore/wp-admin/includes/class-wp-posts-list-table.php(1995): do_action('quick_edit_cust...', 'thumb', 'product', '')
#5 /var/www/andylongstore/wp-admin/edit.php(482): WP_Posts_List_Table->inline_edit()
#6 {main}
  thrown in /var/www/andylongstore/wp-includes/taxonomy.php on line 1633

2022-05-23T03:48:50+00:00 CRITICAL Uncaught ArgumentCountError: Too few arguments to function sanitize_term_field(), 1 passed in /var/www/andylongstore/wp-content/plugins/xt-woo-variation-swatches-pro/admin/class-admin.php on line 501 and exactly 5 expected in /var/www/andylongstore/wp-includes/taxonomy.php:1633
Stack trace:
#0 /var/www/andylongstore/wp-content/plugins/xt-woo-variation-swatches-pro/admin/class-admin.php(501): sanitize_term_field('product')
#1 /var/www/andylongstore/wp-includes/class-wp-hook.php(305): XT_Woo_Variation_Swatches_Admin->quick_edit_attribute_type_field('thumb', 'edit-tags')
#2 /var/www/andylongstore/wp-includes/class-wp-hook.php(327): WP_Hook->apply_filters(NULL, Array)
#3 /var/www/andylongstore/wp-includes/plugin.php(470): WP_Hook->do_action(Array)
#4 /var/www/andylongstore/wp-admin/includes/class-wp-terms-list-table.php(701): do_action('quick_edit_cust...', 'thumb', 'edit-tags', 'product_cat')
#5 /var/www/andylongstore/wp-admin/edit-tags.php(689): WP_Terms_List_Table->inline_edit()
#6 {main}
  thrown in /var/www/andylongstore/wp-includes/taxonomy.php on line 1633

2022-05-23T03:48:58+00:00 CRITICAL Uncaught ArgumentCountError: Too few arguments to function sanitize_term_field(), 1 passed in /var/www/andylongstore/wp-content/plugins/xt-woo-variation-swatches-pro/admin/class-admin.php on line 501 and exactly 5 expected in /var/www/andylongstore/wp-includes/taxonomy.php:1633
Stack trace:
#0 /var/www/andylongstore/wp-content/plugins/xt-woo-variation-swatches-pro/admin/class-admin.php(501): sanitize_term_field('product')
#1 /var/www/andylongstore/wp-includes/class-wp-hook.php(305): XT_Woo_Variation_Swatches_Admin->quick_edit_attribute_type_field('thumb', 'edit-tags')
#2 /var/www/andylongstore/wp-includes/class-wp-hook.php(327): WP_Hook->apply_filters(NULL, Array)
#3 /var/www/andylongstore/wp-includes/plugin.php(470): WP_Hook->do_action(Array)
#4 /var/www/andylongstore/wp-admin/includes/class-wp-terms-list-table.php(701): do_action('quick_edit_cust...', 'thumb', 'edit-tags', 'product_cat')
#5 /var/www/andylongstore/wp-admin/edit-tags.php(689): WP_Terms_List_Table->inline_edit()
#6 {main}
  thrown in /var/www/andylongstore/wp-includes/taxonomy.php on line 1633

2022-05-23T03:49:10+00:00 CRITICAL Uncaught ArgumentCountError: Too few arguments to function sanitize_term_field(), 1 passed in /var/www/andylongstore/wp-content/plugins/xt-woo-variation-swatches-pro/admin/class-admin.php on line 501 and exactly 5 expected in /var/www/andylongstore/wp-includes/taxonomy.php:1633
Stack trace:
#0 /var/www/andylongstore/wp-content/plugins/xt-woo-variation-swatches-pro/admin/class-admin.php(501): sanitize_term_field('product')
#1 /var/www/andylongstore/wp-includes/class-wp-hook.php(305): XT_Woo_Variation_Swatches_Admin->quick_edit_attribute_type_field('thumb', 'edit-tags')
#2 /var/www/andylongstore/wp-includes/class-wp-hook.php(327): WP_Hook->apply_filters(NULL, Array)
#3 /var/www/andylongstore/wp-includes/plugin.php(470): WP_Hook->do_action(Array)
#4 /var/www/andylongstore/wp-admin/includes/class-wp-terms-list-table.php(701): do_action('quick_edit_cust...', 'thumb', 'edit-tags', 'product_cat')
#5 /var/www/andylongstore/wp-admin/edit-tags.php(689): WP_Terms_List_Table->inline_edit()
#6 {main}
  thrown in /var/www/andylongstore/wp-includes/taxonomy.php on line 1633

2022-05-23T03:49:33+00:00 CRITICAL Uncaught ArgumentCountError: Too few arguments to function sanitize_term_field(), 1 passed in /var/www/andylongstore/wp-content/plugins/xt-woo-variation-swatches-pro/admin/class-admin.php on line 501 and exactly 5 expected in /var/www/andylongstore/wp-includes/taxonomy.php:1633
Stack trace:
#0 /var/www/andylongstore/wp-content/plugins/xt-woo-variation-swatches-pro/admin/class-admin.php(501): sanitize_term_field('product')
#1 /var/www/andylongstore/wp-includes/class-wp-hook.php(305): XT_Woo_Variation_Swatches_Admin->quick_edit_attribute_type_field('thumb', 'edit-tags')
#2 /var/www/andylongstore/wp-includes/class-wp-hook.php(327): WP_Hook->apply_filters(NULL, Array)
#3 /var/www/andylongstore/wp-includes/plugin.php(470): WP_Hook->do_action(Array)
#4 /var/www/andylongstore/wp-admin/includes/class-wp-terms-list-table.php(701): do_action('quick_edit_cust...', 'thumb', 'edit-tags', 'product_cat')
#5 /var/www/andylongstore/wp-admin/edit-tags.php(689): WP_Terms_List_Table->inline_edit()
#6 {main}
  thrown in /var/www/andylongstore/wp-includes/taxonomy.php on line 1633

2022-05-23T03:49:45+00:00 CRITICAL Uncaught ArgumentCountError: Too few arguments to function sanitize_term_field(), 1 passed in /var/www/andylongstore/wp-content/plugins/xt-woo-variation-swatches-pro/admin/class-admin.php on line 501 and exactly 5 expected in /var/www/andylongstore/wp-includes/taxonomy.php:1633
Stack trace:
#0 /var/www/andylongstore/wp-content/plugins/xt-woo-variation-swatches-pro/admin/class-admin.php(501): sanitize_term_field('product')
#1 /var/www/andylongstore/wp-includes/class-wp-hook.php(305): XT_Woo_Variation_Swatches_Admin->quick_edit_attribute_type_field('thumb', 'edit-tags')
#2 /var/www/andylongstore/wp-includes/class-wp-hook.php(327): WP_Hook->apply_filters(NULL, Array)
#3 /var/www/andylongstore/wp-includes/plugin.php(470): WP_Hook->do_action(Array)
#4 /var/www/andylongstore/wp-admin/includes/class-wp-terms-list-table.php(701): do_action('quick_edit_cust...', 'thumb', 'edit-tags', 'product_cat')
#5 /var/www/andylongstore/wp-admin/edit-tags.php(689): WP_Terms_List_Table->inline_edit()
#6 {main}
  thrown in /var/www/andylongstore/wp-includes/taxonomy.php on line 1633

2022-05-23T03:52:17+00:00 CRITICAL Uncaught ArgumentCountError: Too few arguments to function sanitize_term_field(), 1 passed in /var/www/andylongstore/wp-content/plugins/xt-woo-variation-swatches-pro/admin/class-admin.php on line 501 and exactly 5 expected in /var/www/andylongstore/wp-includes/taxonomy.php:1633
Stack trace:
#0 /var/www/andylongstore/wp-content/plugins/xt-woo-variation-swatches-pro/admin/class-admin.php(501): sanitize_term_field('product')
#1 /var/www/andylongstore/wp-includes/class-wp-hook.php(305): XT_Woo_Variation_Swatches_Admin->quick_edit_attribute_type_field('thumb', 'product')
#2 /var/www/andylongstore/wp-includes/class-wp-hook.php(327): WP_Hook->apply_filters(NULL, Array)
#3 /var/www/andylongstore/wp-includes/plugin.php(470): WP_Hook->do_action(Array)
#4 /var/www/andylongstore/wp-admin/includes/class-wp-posts-list-table.php(1995): do_action('quick_edit_cust...', 'thumb', 'product', '')
#5 /var/www/andylongstore/wp-admin/edit.php(482): WP_Posts_List_Table->inline_edit()
#6 {main}
  thrown in /var/www/andylongstore/wp-includes/taxonomy.php on line 1633

2022-05-23T03:52:30+00:00 CRITICAL Uncaught ArgumentCountError: Too few arguments to function sanitize_term_field(), 1 passed in /var/www/andylongstore/wp-content/plugins/xt-woo-variation-swatches-pro/admin/class-admin.php on line 501 and exactly 5 expected in /var/www/andylongstore/wp-includes/taxonomy.php:1633
Stack trace:
#0 /var/www/andylongstore/wp-content/plugins/xt-woo-variation-swatches-pro/admin/class-admin.php(501): sanitize_term_field('product')
#1 /var/www/andylongstore/wp-includes/class-wp-hook.php(305): XT_Woo_Variation_Swatches_Admin->quick_edit_attribute_type_field('thumb', 'product')
#2 /var/www/andylongstore/wp-includes/class-wp-hook.php(327): WP_Hook->apply_filters(NULL, Array)
#3 /var/www/andylongstore/wp-includes/plugin.php(470): WP_Hook->do_action(Array)
#4 /var/www/andylongstore/wp-admin/includes/class-wp-posts-list-table.php(1995): do_action('quick_edit_cust...', 'thumb', 'product', '')
#5 /var/www/andylongstore/wp-admin/edit.php(482): WP_Posts_List_Table->inline_edit()
#6 {main}
  thrown in /var/www/andylongstore/wp-includes/taxonomy.php on line 1633

2022-05-23T03:52:55+00:00 CRITICAL Uncaught ArgumentCountError: Too few arguments to function sanitize_term_field(), 1 passed in /var/www/andylongstore/wp-content/plugins/xt-woo-variation-swatches-pro/admin/class-admin.php on line 501 and exactly 5 expected in /var/www/andylongstore/wp-includes/taxonomy.php:1633
Stack trace:
#0 /var/www/andylongstore/wp-content/plugins/xt-woo-variation-swatches-pro/admin/class-admin.php(501): sanitize_term_field('product')
#1 /var/www/andylongstore/wp-includes/class-wp-hook.php(305): XT_Woo_Variation_Swatches_Admin->quick_edit_attribute_type_field('thumb', 'product')
#2 /var/www/andylongstore/wp-includes/class-wp-hook.php(327): WP_Hook->apply_filters(NULL, Array)
#3 /var/www/andylongstore/wp-includes/plugin.php(470): WP_Hook->do_action(Array)
#4 /var/www/andylongstore/wp-admin/includes/class-wp-posts-list-table.php(1995): do_action('quick_edit_cust...', 'thumb', 'product', '')
#5 /var/www/andylongstore/wp-admin/edit.php(482): WP_Posts_List_Table->inline_edit()
#6 {main}
  thrown in /var/www/andylongstore/wp-includes/taxonomy.php on line 1633

2022-05-23T03:54:01+00:00 CRITICAL Uncaught ArgumentCountError: Too few arguments to function sanitize_term_field(), 1 passed in /var/www/andylongstore/wp-content/plugins/xt-woo-variation-swatches-pro/admin/class-admin.php on line 501 and exactly 5 expected in /var/www/andylongstore/wp-includes/taxonomy.php:1633
Stack trace:
#0 /var/www/andylongstore/wp-content/plugins/xt-woo-variation-swatches-pro/admin/class-admin.php(501): sanitize_term_field('product')
#1 /var/www/andylongstore/wp-includes/class-wp-hook.php(305): XT_Woo_Variation_Swatches_Admin->quick_edit_attribute_type_field('thumb', 'product')
#2 /var/www/andylongstore/wp-includes/class-wp-hook.php(327): WP_Hook->apply_filters(NULL, Array)
#3 /var/www/andylongstore/wp-includes/plugin.php(470): WP_Hook->do_action(Array)
#4 /var/www/andylongstore/wp-admin/includes/class-wp-posts-list-table.php(1995): do_action('quick_edit_cust...', 'thumb', 'product', '')
#5 /var/www/andylongstore/wp-admin/edit.php(482): WP_Posts_List_Table->inline_edit()
#6 {main}
  thrown in /var/www/andylongstore/wp-includes/taxonomy.php on line 1633

2022-05-23T03:56:58+00:00 CRITICAL Uncaught ArgumentCountError: Too few arguments to function sanitize_term_field(), 1 passed in /var/www/andylongstore/wp-content/plugins/xt-woo-variation-swatches-pro/admin/class-admin.php on line 501 and exactly 5 expected in /var/www/andylongstore/wp-includes/taxonomy.php:1633
Stack trace:
#0 /var/www/andylongstore/wp-content/plugins/xt-woo-variation-swatches-pro/admin/class-admin.php(501): sanitize_term_field('product')
#1 /var/www/andylongstore/wp-includes/class-wp-hook.php(305): XT_Woo_Variation_Swatches_Admin->quick_edit_attribute_type_field('thumb', 'product')
#2 /var/www/andylongstore/wp-includes/class-wp-hook.php(327): WP_Hook->apply_filters(NULL, Array)
#3 /var/www/andylongstore/wp-includes/plugin.php(470): WP_Hook->do_action(Array)
#4 /var/www/andylongstore/wp-admin/includes/class-wp-posts-list-table.php(1995): do_action('quick_edit_cust...', 'thumb', 'product', '')
#5 /var/www/andylongstore/wp-admin/edit.php(482): WP_Posts_List_Table->inline_edit()
#6 {main}
  thrown in /var/www/andylongstore/wp-includes/taxonomy.php on line 1633

2022-05-23T03:57:41+00:00 CRITICAL Uncaught ArgumentCountError: Too few arguments to function sanitize_term_field(), 1 passed in /var/www/andylongstore/wp-content/plugins/xt-woo-variation-swatches-pro/admin/class-admin.php on line 501 and exactly 5 expected in /var/www/andylongstore/wp-includes/taxonomy.php:1633
Stack trace:
#0 /var/www/andylongstore/wp-content/plugins/xt-woo-variation-swatches-pro/admin/class-admin.php(501): sanitize_term_field('product')
#1 /var/www/andylongstore/wp-includes/class-wp-hook.php(305): XT_Woo_Variation_Swatches_Admin->quick_edit_attribute_type_field('thumb', 'product')
#2 /var/www/andylongstore/wp-includes/class-wp-hook.php(327): WP_Hook->apply_filters(NULL, Array)
#3 /var/www/andylongstore/wp-includes/plugin.php(470): WP_Hook->do_action(Array)
#4 /var/www/andylongstore/wp-admin/includes/class-wp-posts-list-table.php(1995): do_action('quick_edit_cust...', 'thumb', 'product', '')
#5 /var/www/andylongstore/wp-admin/edit.php(482): WP_Posts_List_Table->inline_edit()
#6 {main}
  thrown in /var/www/andylongstore/wp-includes/taxonomy.php on line 1633

2022-05-23T04:02:20+00:00 CRITICAL Uncaught ArgumentCountError: Too few arguments to function sanitize_term_field(), 1 passed in /var/www/andylongstore/wp-content/plugins/xt-woo-variation-swatches-pro/admin/class-admin.php on line 501 and exactly 5 expected in /var/www/andylongstore/wp-includes/taxonomy.php:1633
Stack trace:
#0 /var/www/andylongstore/wp-content/plugins/xt-woo-variation-swatches-pro/admin/class-admin.php(501): sanitize_term_field('product')
#1 /var/www/andylongstore/wp-includes/class-wp-hook.php(305): XT_Woo_Variation_Swatches_Admin->quick_edit_attribute_type_field('thumb', 'product')
#2 /var/www/andylongstore/wp-includes/class-wp-hook.php(327): WP_Hook->apply_filters(NULL, Array)
#3 /var/www/andylongstore/wp-includes/plugin.php(470): WP_Hook->do_action(Array)
#4 /var/www/andylongstore/wp-admin/includes/class-wp-posts-list-table.php(1995): do_action('quick_edit_cust...', 'thumb', 'product', '')
#5 /var/www/andylongstore/wp-admin/edit.php(482): WP_Posts_List_Table->inline_edit()
#6 {main}
  thrown in /var/www/andylongstore/wp-includes/taxonomy.php on line 1633

2022-05-23T04:03:18+00:00 CRITICAL Uncaught ArgumentCountError: Too few arguments to function sanitize_term_field(), 1 passed in /var/www/andylongstore/wp-content/plugins/xt-woo-variation-swatches-pro/admin/class-admin.php on line 501 and exactly 5 expected in /var/www/andylongstore/wp-includes/taxonomy.php:1633
Stack trace:
#0 /var/www/andylongstore/wp-content/plugins/xt-woo-variation-swatches-pro/admin/class-admin.php(501): sanitize_term_field('product')
#1 /var/www/andylongstore/wp-includes/class-wp-hook.php(305): XT_Woo_Variation_Swatches_Admin->quick_edit_attribute_type_field('thumb', 'edit-tags')
#2 /var/www/andylongstore/wp-includes/class-wp-hook.php(327): WP_Hook->apply_filters(NULL, Array)
#3 /var/www/andylongstore/wp-includes/plugin.php(470): WP_Hook->do_action(Array)
#4 /var/www/andylongstore/wp-admin/includes/class-wp-terms-list-table.php(701): do_action('quick_edit_cust...', 'thumb', 'edit-tags', 'product_cat')
#5 /var/www/andylongstore/wp-admin/edit-tags.php(689): WP_Terms_List_Table->inline_edit()
#6 {main}
  thrown in /var/www/andylongstore/wp-includes/taxonomy.php on line 1633

2022-05-23T04:04:23+00:00 CRITICAL Uncaught ArgumentCountError: Too few arguments to function sanitize_term_field(), 1 passed in /var/www/andylongstore/wp-content/plugins/xt-woo-variation-swatches-pro/admin/class-admin.php on line 501 and exactly 5 expected in /var/www/andylongstore/wp-includes/taxonomy.php:1633
Stack trace:
#0 /var/www/andylongstore/wp-content/plugins/xt-woo-variation-swatches-pro/admin/class-admin.php(501): sanitize_term_field(NULL)
#1 /var/www/andylongstore/wp-includes/class-wp-hook.php(305): XT_Woo_Variation_Swatches_Admin->quick_edit_attribute_type_field('wpseo-links', 'post')
#2 /var/www/andylongstore/wp-includes/class-wp-hook.php(327): WP_Hook->apply_filters(NULL, Array)
#3 /var/www/andylongstore/wp-includes/plugin.php(470): WP_Hook->do_action(Array)
#4 /var/www/andylongstore/wp-admin/includes/class-wp-posts-list-table.php(1995): do_action('quick_edit_cust...', 'wpseo-links', 'post', '')
#5 /var/www/andylongstore/wp-admin/edit.php(482): WP_Posts_List_Table->inline_edit()
#6 {main}
  thrown in /var/www/andylongstore/wp-includes/taxonomy.php on line 1633

2022-05-23T05:03:05+00:00 CRITICAL Uncaught ArgumentCountError: Too few arguments to function sanitize_term_field(), 1 passed in /var/www/andylongstore/wp-content/plugins/xt-woo-variation-swatches-pro/admin/class-admin.php on line 501 and exactly 5 expected in /var/www/andylongstore/wp-includes/taxonomy.php:1633
Stack trace:
#0 /var/www/andylongstore/wp-content/plugins/xt-woo-variation-swatches-pro/admin/class-admin.php(501): sanitize_term_field('product')
#1 /var/www/andylongstore/wp-includes/class-wp-hook.php(305): XT_Woo_Variation_Swatches_Admin->quick_edit_attribute_type_field('thumb', 'product')
#2 /var/www/andylongstore/wp-includes/class-wp-hook.php(327): WP_Hook->apply_filters(NULL, Array)
#3 /var/www/andylongstore/wp-includes/plugin.php(470): WP_Hook->do_action(Array)
#4 /var/www/andylongstore/wp-admin/includes/class-wp-posts-list-table.php(1995): do_action('quick_edit_cust...', 'thumb', 'product', '')
#5 /var/www/andylongstore/wp-admin/edit.php(482): WP_Posts_List_Table->inline_edit()
#6 {main}
  thrown in /var/www/andylongstore/wp-includes/taxonomy.php on line 1633

2022-05-23T05:04:03+00:00 CRITICAL Uncaught ArgumentCountError: Too few arguments to function sanitize_term_field(), 1 passed in /var/www/andylongstore/wp-content/plugins/xt-woo-variation-swatches-pro/admin/class-admin.php on line 501 and exactly 5 expected in /var/www/andylongstore/wp-includes/taxonomy.php:1633
Stack trace:
#0 /var/www/andylongstore/wp-content/plugins/xt-woo-variation-swatches-pro/admin/class-admin.php(501): sanitize_term_field('product')
#1 /var/www/andylongstore/wp-includes/class-wp-hook.php(305): XT_Woo_Variation_Swatches_Admin->quick_edit_attribute_type_field('thumb', 'product')
#2 /var/www/andylongstore/wp-includes/class-wp-hook.php(327): WP_Hook->apply_filters(NULL, Array)
#3 /var/www/andylongstore/wp-includes/plugin.php(470): WP_Hook->do_action(Array)
#4 /var/www/andylongstore/wp-admin/includes/class-wp-posts-list-table.php(1995): do_action('quick_edit_cust...', 'thumb', 'product', '')
#5 /var/www/andylongstore/wp-admin/edit.php(482): WP_Posts_List_Table->inline_edit()
#6 {main}
  thrown in /var/www/andylongstore/wp-includes/taxonomy.php on line 1633

2022-05-23T05:04:36+00:00 CRITICAL Uncaught ArgumentCountError: Too few arguments to function sanitize_term_field(), 1 passed in /var/www/andylongstore/wp-content/plugins/xt-woo-variation-swatches-pro/admin/class-admin.php on line 501 and exactly 5 expected in /var/www/andylongstore/wp-includes/taxonomy.php:1633
Stack trace:
#0 /var/www/andylongstore/wp-content/plugins/xt-woo-variation-swatches-pro/admin/class-admin.php(501): sanitize_term_field('product')
#1 /var/www/andylongstore/wp-includes/class-wp-hook.php(305): XT_Woo_Variation_Swatches_Admin->quick_edit_attribute_type_field('thumb', 'product')
#2 /var/www/andylongstore/wp-includes/class-wp-hook.php(327): WP_Hook->apply_filters(NULL, Array)
#3 /var/www/andylongstore/wp-includes/plugin.php(470): WP_Hook->do_action(Array)
#4 /var/www/andylongstore/wp-admin/includes/class-wp-posts-list-table.php(1995): do_action('quick_edit_cust...', 'thumb', 'product', '')
#5 /var/www/andylongstore/wp-admin/edit.php(482): WP_Posts_List_Table->inline_edit()
#6 {main}
  thrown in /var/www/andylongstore/wp-includes/taxonomy.php on line 1633

2022-05-23T05:04:46+00:00 CRITICAL Uncaught ArgumentCountError: Too few arguments to function sanitize_term_field(), 1 passed in /var/www/andylongstore/wp-content/plugins/xt-woo-variation-swatches-pro/admin/class-admin.php on line 501 and exactly 5 expected in /var/www/andylongstore/wp-includes/taxonomy.php:1633
Stack trace:
#0 /var/www/andylongstore/wp-content/plugins/xt-woo-variation-swatches-pro/admin/class-admin.php(501): sanitize_term_field('product')
#1 /var/www/andylongstore/wp-includes/class-wp-hook.php(305): XT_Woo_Variation_Swatches_Admin->quick_edit_attribute_type_field('thumb', 'edit-tags')
#2 /var/www/andylongstore/wp-includes/class-wp-hook.php(327): WP_Hook->apply_filters(NULL, Array)
#3 /var/www/andylongstore/wp-includes/plugin.php(470): WP_Hook->do_action(Array)
#4 /var/www/andylongstore/wp-admin/includes/class-wp-terms-list-table.php(701): do_action('quick_edit_cust...', 'thumb', 'edit-tags', 'product_cat')
#5 /var/www/andylongstore/wp-admin/edit-tags.php(689): WP_Terms_List_Table->inline_edit()
#6 {main}
  thrown in /var/www/andylongstore/wp-includes/taxonomy.php on line 1633

2022-05-23T05:05:27+00:00 CRITICAL Uncaught ArgumentCountError: Too few arguments to function sanitize_term_field(), 1 passed in /var/www/andylongstore/wp-content/plugins/xt-woo-variation-swatches-pro/admin/class-admin.php on line 501 and exactly 5 expected in /var/www/andylongstore/wp-includes/taxonomy.php:1633
Stack trace:
#0 /var/www/andylongstore/wp-content/plugins/xt-woo-variation-swatches-pro/admin/class-admin.php(501): sanitize_term_field('page')
#1 /var/www/andylongstore/wp-includes/class-wp-hook.php(305): XT_Woo_Variation_Swatches_Admin->quick_edit_attribute_type_field('wpseo-links', 'page')
#2 /var/www/andylongstore/wp-includes/class-wp-hook.php(327): WP_Hook->apply_filters(NULL, Array)
#3 /var/www/andylongstore/wp-includes/plugin.php(470): WP_Hook->do_action(Array)
#4 /var/www/andylongstore/wp-admin/includes/class-wp-posts-list-table.php(1995): do_action('quick_edit_cust...', 'wpseo-links', 'page', '')
#5 /var/www/andylongstore/wp-admin/edit.php(482): WP_Posts_List_Table->inline_edit()
#6 {main}
  thrown in /var/www/andylongstore/wp-includes/taxonomy.php on line 1633

