2022-05-21T04:09:15+00:00 CRITICAL Uncaught ArgumentCountError: Too few arguments to function sanitize_term_field(), 1 passed in /var/www/andylongstore/wp-content/plugins/xt-woo-variation-swatches-pro/admin/class-admin.php on line 501 and exactly 5 expected in /var/www/andylongstore/wp-includes/taxonomy.php:1633
Stack trace:
#0 /var/www/andylongstore/wp-content/plugins/xt-woo-variation-swatches-pro/admin/class-admin.php(501): sanitize_term_field('product')
#1 /var/www/andylongstore/wp-includes/class-wp-hook.php(305): XT_Woo_Variation_Swatches_Admin->quick_edit_attribute_type_field('thumb', 'product')
#2 /var/www/andylongstore/wp-includes/class-wp-hook.php(327): WP_Hook->apply_filters(NULL, Array)
#3 /var/www/andylongstore/wp-includes/plugin.php(470): WP_Hook->do_action(Array)
#4 /var/www/andylongstore/wp-admin/includes/class-wp-posts-list-table.php(1995): do_action('quick_edit_cust...', 'thumb', 'product', '')
#5 /var/www/andylongstore/wp-admin/edit.php(482): WP_Posts_List_Table->inline_edit()
#6 {main}
  thrown in /var/www/andylongstore/wp-includes/taxonomy.php on line 1633

2022-05-21T04:18:09+00:00 CRITICAL Uncaught ArgumentCountError: Too few arguments to function sanitize_term_field(), 1 passed in /var/www/andylongstore/wp-content/plugins/xt-woo-variation-swatches-pro/admin/class-admin.php on line 501 and exactly 5 expected in /var/www/andylongstore/wp-includes/taxonomy.php:1633
Stack trace:
#0 /var/www/andylongstore/wp-content/plugins/xt-woo-variation-swatches-pro/admin/class-admin.php(501): sanitize_term_field('product')
#1 /var/www/andylongstore/wp-includes/class-wp-hook.php(305): XT_Woo_Variation_Swatches_Admin->quick_edit_attribute_type_field('thumb', 'product')
#2 /var/www/andylongstore/wp-includes/class-wp-hook.php(327): WP_Hook->apply_filters(NULL, Array)
#3 /var/www/andylongstore/wp-includes/plugin.php(470): WP_Hook->do_action(Array)
#4 /var/www/andylongstore/wp-admin/includes/class-wp-posts-list-table.php(1995): do_action('quick_edit_cust...', 'thumb', 'product', '')
#5 /var/www/andylongstore/wp-admin/edit.php(482): WP_Posts_List_Table->inline_edit()
#6 {main}
  thrown in /var/www/andylongstore/wp-includes/taxonomy.php on line 1633

2022-05-21T04:19:43+00:00 CRITICAL Uncaught ArgumentCountError: Too few arguments to function sanitize_term_field(), 1 passed in /var/www/andylongstore/wp-content/plugins/xt-woo-variation-swatches-pro/admin/class-admin.php on line 501 and exactly 5 expected in /var/www/andylongstore/wp-includes/taxonomy.php:1633
Stack trace:
#0 /var/www/andylongstore/wp-content/plugins/xt-woo-variation-swatches-pro/admin/class-admin.php(501): sanitize_term_field('product')
#1 /var/www/andylongstore/wp-includes/class-wp-hook.php(305): XT_Woo_Variation_Swatches_Admin->quick_edit_attribute_type_field('thumb', 'product')
#2 /var/www/andylongstore/wp-includes/class-wp-hook.php(327): WP_Hook->apply_filters(NULL, Array)
#3 /var/www/andylongstore/wp-includes/plugin.php(470): WP_Hook->do_action(Array)
#4 /var/www/andylongstore/wp-admin/includes/class-wp-posts-list-table.php(1995): do_action('quick_edit_cust...', 'thumb', 'product', '')
#5 /var/www/andylongstore/wp-admin/edit.php(482): WP_Posts_List_Table->inline_edit()
#6 {main}
  thrown in /var/www/andylongstore/wp-includes/taxonomy.php on line 1633

2022-05-21T04:22:49+00:00 CRITICAL Uncaught ArgumentCountError: Too few arguments to function sanitize_term_field(), 1 passed in /var/www/andylongstore/wp-content/plugins/xt-woo-variation-swatches-pro/admin/class-admin.php on line 501 and exactly 5 expected in /var/www/andylongstore/wp-includes/taxonomy.php:1633
Stack trace:
#0 /var/www/andylongstore/wp-content/plugins/xt-woo-variation-swatches-pro/admin/class-admin.php(501): sanitize_term_field('product')
#1 /var/www/andylongstore/wp-includes/class-wp-hook.php(305): XT_Woo_Variation_Swatches_Admin->quick_edit_attribute_type_field('thumb', 'product')
#2 /var/www/andylongstore/wp-includes/class-wp-hook.php(327): WP_Hook->apply_filters(NULL, Array)
#3 /var/www/andylongstore/wp-includes/plugin.php(470): WP_Hook->do_action(Array)
#4 /var/www/andylongstore/wp-admin/includes/class-wp-posts-list-table.php(1995): do_action('quick_edit_cust...', 'thumb', 'product', '')
#5 /var/www/andylongstore/wp-admin/edit.php(482): WP_Posts_List_Table->inline_edit()
#6 {main}
  thrown in /var/www/andylongstore/wp-includes/taxonomy.php on line 1633

2022-05-21T04:27:49+00:00 CRITICAL Uncaught ArgumentCountError: Too few arguments to function sanitize_term_field(), 1 passed in /var/www/andylongstore/wp-content/plugins/xt-woo-variation-swatches-pro/admin/class-admin.php on line 501 and exactly 5 expected in /var/www/andylongstore/wp-includes/taxonomy.php:1633
Stack trace:
#0 /var/www/andylongstore/wp-content/plugins/xt-woo-variation-swatches-pro/admin/class-admin.php(501): sanitize_term_field('product')
#1 /var/www/andylongstore/wp-includes/class-wp-hook.php(305): XT_Woo_Variation_Swatches_Admin->quick_edit_attribute_type_field('thumb', 'product')
#2 /var/www/andylongstore/wp-includes/class-wp-hook.php(327): WP_Hook->apply_filters(NULL, Array)
#3 /var/www/andylongstore/wp-includes/plugin.php(470): WP_Hook->do_action(Array)
#4 /var/www/andylongstore/wp-admin/includes/class-wp-posts-list-table.php(1995): do_action('quick_edit_cust...', 'thumb', 'product', '')
#5 /var/www/andylongstore/wp-admin/edit.php(482): WP_Posts_List_Table->inline_edit()
#6 {main}
  thrown in /var/www/andylongstore/wp-includes/taxonomy.php on line 1633

2022-05-21T04:39:52+00:00 CRITICAL Uncaught ArgumentCountError: Too few arguments to function sanitize_term_field(), 1 passed in /var/www/andylongstore/wp-content/plugins/xt-woo-variation-swatches-pro/admin/class-admin.php on line 501 and exactly 5 expected in /var/www/andylongstore/wp-includes/taxonomy.php:1633
Stack trace:
#0 /var/www/andylongstore/wp-content/plugins/xt-woo-variation-swatches-pro/admin/class-admin.php(501): sanitize_term_field('product')
#1 /var/www/andylongstore/wp-includes/class-wp-hook.php(305): XT_Woo_Variation_Swatches_Admin->quick_edit_attribute_type_field('thumb', 'product')
#2 /var/www/andylongstore/wp-includes/class-wp-hook.php(327): WP_Hook->apply_filters(NULL, Array)
#3 /var/www/andylongstore/wp-includes/plugin.php(470): WP_Hook->do_action(Array)
#4 /var/www/andylongstore/wp-admin/includes/class-wp-posts-list-table.php(1995): do_action('quick_edit_cust...', 'thumb', 'product', '')
#5 /var/www/andylongstore/wp-admin/edit.php(482): WP_Posts_List_Table->inline_edit()
#6 {main}
  thrown in /var/www/andylongstore/wp-includes/taxonomy.php on line 1633

2022-05-21T04:40:14+00:00 CRITICAL Uncaught ArgumentCountError: Too few arguments to function sanitize_term_field(), 1 passed in /var/www/andylongstore/wp-content/plugins/xt-woo-variation-swatches-pro/admin/class-admin.php on line 501 and exactly 5 expected in /var/www/andylongstore/wp-includes/taxonomy.php:1633
Stack trace:
#0 /var/www/andylongstore/wp-content/plugins/xt-woo-variation-swatches-pro/admin/class-admin.php(501): sanitize_term_field('product')
#1 /var/www/andylongstore/wp-includes/class-wp-hook.php(305): XT_Woo_Variation_Swatches_Admin->quick_edit_attribute_type_field('thumb', 'product')
#2 /var/www/andylongstore/wp-includes/class-wp-hook.php(327): WP_Hook->apply_filters(NULL, Array)
#3 /var/www/andylongstore/wp-includes/plugin.php(470): WP_Hook->do_action(Array)
#4 /var/www/andylongstore/wp-admin/includes/class-wp-posts-list-table.php(1995): do_action('quick_edit_cust...', 'thumb', 'product', '')
#5 /var/www/andylongstore/wp-admin/edit.php(482): WP_Posts_List_Table->inline_edit()
#6 {main}
  thrown in /var/www/andylongstore/wp-includes/taxonomy.php on line 1633

2022-05-21T05:00:29+00:00 CRITICAL Uncaught ArgumentCountError: Too few arguments to function sanitize_term_field(), 1 passed in /var/www/andylongstore/wp-content/plugins/xt-woo-variation-swatches-pro/admin/class-admin.php on line 501 and exactly 5 expected in /var/www/andylongstore/wp-includes/taxonomy.php:1633
Stack trace:
#0 /var/www/andylongstore/wp-content/plugins/xt-woo-variation-swatches-pro/admin/class-admin.php(501): sanitize_term_field('product')
#1 /var/www/andylongstore/wp-includes/class-wp-hook.php(305): XT_Woo_Variation_Swatches_Admin->quick_edit_attribute_type_field('thumb', 'product')
#2 /var/www/andylongstore/wp-includes/class-wp-hook.php(327): WP_Hook->apply_filters(NULL, Array)
#3 /var/www/andylongstore/wp-includes/plugin.php(470): WP_Hook->do_action(Array)
#4 /var/www/andylongstore/wp-admin/includes/class-wp-posts-list-table.php(1995): do_action('quick_edit_cust...', 'thumb', 'product', '')
#5 /var/www/andylongstore/wp-admin/edit.php(482): WP_Posts_List_Table->inline_edit()
#6 {main}
  thrown in /var/www/andylongstore/wp-includes/taxonomy.php on line 1633

2022-05-21T05:00:51+00:00 CRITICAL Uncaught ArgumentCountError: Too few arguments to function sanitize_term_field(), 1 passed in /var/www/andylongstore/wp-content/plugins/xt-woo-variation-swatches-pro/admin/class-admin.php on line 501 and exactly 5 expected in /var/www/andylongstore/wp-includes/taxonomy.php:1633
Stack trace:
#0 /var/www/andylongstore/wp-content/plugins/xt-woo-variation-swatches-pro/admin/class-admin.php(501): sanitize_term_field('product')
#1 /var/www/andylongstore/wp-includes/class-wp-hook.php(305): XT_Woo_Variation_Swatches_Admin->quick_edit_attribute_type_field('thumb', 'product')
#2 /var/www/andylongstore/wp-includes/class-wp-hook.php(327): WP_Hook->apply_filters(NULL, Array)
#3 /var/www/andylongstore/wp-includes/plugin.php(470): WP_Hook->do_action(Array)
#4 /var/www/andylongstore/wp-admin/includes/class-wp-posts-list-table.php(1995): do_action('quick_edit_cust...', 'thumb', 'product', '')
#5 /var/www/andylongstore/wp-admin/edit.php(482): WP_Posts_List_Table->inline_edit()
#6 {main}
  thrown in /var/www/andylongstore/wp-includes/taxonomy.php on line 1633

2022-05-21T05:01:00+00:00 CRITICAL Uncaught ArgumentCountError: Too few arguments to function sanitize_term_field(), 1 passed in /var/www/andylongstore/wp-content/plugins/xt-woo-variation-swatches-pro/admin/class-admin.php on line 501 and exactly 5 expected in /var/www/andylongstore/wp-includes/taxonomy.php:1633
Stack trace:
#0 /var/www/andylongstore/wp-content/plugins/xt-woo-variation-swatches-pro/admin/class-admin.php(501): sanitize_term_field('product')
#1 /var/www/andylongstore/wp-includes/class-wp-hook.php(305): XT_Woo_Variation_Swatches_Admin->quick_edit_attribute_type_field('thumb', 'product')
#2 /var/www/andylongstore/wp-includes/class-wp-hook.php(327): WP_Hook->apply_filters(NULL, Array)
#3 /var/www/andylongstore/wp-includes/plugin.php(470): WP_Hook->do_action(Array)
#4 /var/www/andylongstore/wp-admin/includes/class-wp-posts-list-table.php(1995): do_action('quick_edit_cust...', 'thumb', 'product', '')
#5 /var/www/andylongstore/wp-admin/edit.php(482): WP_Posts_List_Table->inline_edit()
#6 {main}
  thrown in /var/www/andylongstore/wp-includes/taxonomy.php on line 1633

2022-05-21T06:14:29+00:00 CRITICAL Uncaught ArgumentCountError: Too few arguments to function sanitize_term_field(), 1 passed in /var/www/andylongstore/wp-content/plugins/xt-woo-variation-swatches-pro/admin/class-admin.php on line 501 and exactly 5 expected in /var/www/andylongstore/wp-includes/taxonomy.php:1633
Stack trace:
#0 /var/www/andylongstore/wp-content/plugins/xt-woo-variation-swatches-pro/admin/class-admin.php(501): sanitize_term_field('product')
#1 /var/www/andylongstore/wp-includes/class-wp-hook.php(305): XT_Woo_Variation_Swatches_Admin->quick_edit_attribute_type_field('thumb', 'product')
#2 /var/www/andylongstore/wp-includes/class-wp-hook.php(327): WP_Hook->apply_filters(NULL, Array)
#3 /var/www/andylongstore/wp-includes/plugin.php(470): WP_Hook->do_action(Array)
#4 /var/www/andylongstore/wp-admin/includes/class-wp-posts-list-table.php(1995): do_action('quick_edit_cust...', 'thumb', 'product', '')
#5 /var/www/andylongstore/wp-admin/edit.php(482): WP_Posts_List_Table->inline_edit()
#6 {main}
  thrown in /var/www/andylongstore/wp-includes/taxonomy.php on line 1633

2022-05-21T06:14:40+00:00 CRITICAL Uncaught ArgumentCountError: Too few arguments to function sanitize_term_field(), 1 passed in /var/www/andylongstore/wp-content/plugins/xt-woo-variation-swatches-pro/admin/class-admin.php on line 501 and exactly 5 expected in /var/www/andylongstore/wp-includes/taxonomy.php:1633
Stack trace:
#0 /var/www/andylongstore/wp-content/plugins/xt-woo-variation-swatches-pro/admin/class-admin.php(501): sanitize_term_field('product')
#1 /var/www/andylongstore/wp-includes/class-wp-hook.php(305): XT_Woo_Variation_Swatches_Admin->quick_edit_attribute_type_field('thumb', 'product')
#2 /var/www/andylongstore/wp-includes/class-wp-hook.php(327): WP_Hook->apply_filters(NULL, Array)
#3 /var/www/andylongstore/wp-includes/plugin.php(470): WP_Hook->do_action(Array)
#4 /var/www/andylongstore/wp-admin/includes/class-wp-posts-list-table.php(1995): do_action('quick_edit_cust...', 'thumb', 'product', '')
#5 /var/www/andylongstore/wp-admin/edit.php(482): WP_Posts_List_Table->inline_edit()
#6 {main}
  thrown in /var/www/andylongstore/wp-includes/taxonomy.php on line 1633

2022-05-21T06:28:12+00:00 CRITICAL Uncaught ArgumentCountError: Too few arguments to function sanitize_term_field(), 1 passed in /var/www/andylongstore/wp-content/plugins/xt-woo-variation-swatches-pro/admin/class-admin.php on line 501 and exactly 5 expected in /var/www/andylongstore/wp-includes/taxonomy.php:1633
Stack trace:
#0 /var/www/andylongstore/wp-content/plugins/xt-woo-variation-swatches-pro/admin/class-admin.php(501): sanitize_term_field('product')
#1 /var/www/andylongstore/wp-includes/class-wp-hook.php(305): XT_Woo_Variation_Swatches_Admin->quick_edit_attribute_type_field('thumb', 'product')
#2 /var/www/andylongstore/wp-includes/class-wp-hook.php(327): WP_Hook->apply_filters(NULL, Array)
#3 /var/www/andylongstore/wp-includes/plugin.php(470): WP_Hook->do_action(Array)
#4 /var/www/andylongstore/wp-admin/includes/class-wp-posts-list-table.php(1995): do_action('quick_edit_cust...', 'thumb', 'product', '')
#5 /var/www/andylongstore/wp-admin/edit.php(482): WP_Posts_List_Table->inline_edit()
#6 {main}
  thrown in /var/www/andylongstore/wp-includes/taxonomy.php on line 1633

2022-05-21T06:29:28+00:00 CRITICAL Uncaught ArgumentCountError: Too few arguments to function sanitize_term_field(), 1 passed in /var/www/andylongstore/wp-content/plugins/xt-woo-variation-swatches-pro/admin/class-admin.php on line 501 and exactly 5 expected in /var/www/andylongstore/wp-includes/taxonomy.php:1633
Stack trace:
#0 /var/www/andylongstore/wp-content/plugins/xt-woo-variation-swatches-pro/admin/class-admin.php(501): sanitize_term_field('product')
#1 /var/www/andylongstore/wp-includes/class-wp-hook.php(305): XT_Woo_Variation_Swatches_Admin->quick_edit_attribute_type_field('thumb', 'product')
#2 /var/www/andylongstore/wp-includes/class-wp-hook.php(327): WP_Hook->apply_filters(NULL, Array)
#3 /var/www/andylongstore/wp-includes/plugin.php(470): WP_Hook->do_action(Array)
#4 /var/www/andylongstore/wp-admin/includes/class-wp-posts-list-table.php(1995): do_action('quick_edit_cust...', 'thumb', 'product', '')
#5 /var/www/andylongstore/wp-admin/edit.php(482): WP_Posts_List_Table->inline_edit()
#6 {main}
  thrown in /var/www/andylongstore/wp-includes/taxonomy.php on line 1633

2022-05-21T06:29:39+00:00 CRITICAL Uncaught ArgumentCountError: Too few arguments to function sanitize_term_field(), 1 passed in /var/www/andylongstore/wp-content/plugins/xt-woo-variation-swatches-pro/admin/class-admin.php on line 501 and exactly 5 expected in /var/www/andylongstore/wp-includes/taxonomy.php:1633
Stack trace:
#0 /var/www/andylongstore/wp-content/plugins/xt-woo-variation-swatches-pro/admin/class-admin.php(501): sanitize_term_field('product')
#1 /var/www/andylongstore/wp-includes/class-wp-hook.php(305): XT_Woo_Variation_Swatches_Admin->quick_edit_attribute_type_field('thumb', 'product')
#2 /var/www/andylongstore/wp-includes/class-wp-hook.php(327): WP_Hook->apply_filters(NULL, Array)
#3 /var/www/andylongstore/wp-includes/plugin.php(470): WP_Hook->do_action(Array)
#4 /var/www/andylongstore/wp-admin/includes/class-wp-posts-list-table.php(1995): do_action('quick_edit_cust...', 'thumb', 'product', '')
#5 /var/www/andylongstore/wp-admin/edit.php(482): WP_Posts_List_Table->inline_edit()
#6 {main}
  thrown in /var/www/andylongstore/wp-includes/taxonomy.php on line 1633

2022-05-21T06:31:00+00:00 CRITICAL Uncaught ArgumentCountError: Too few arguments to function sanitize_term_field(), 1 passed in /var/www/andylongstore/wp-content/plugins/xt-woo-variation-swatches-pro/admin/class-admin.php on line 501 and exactly 5 expected in /var/www/andylongstore/wp-includes/taxonomy.php:1633
Stack trace:
#0 /var/www/andylongstore/wp-content/plugins/xt-woo-variation-swatches-pro/admin/class-admin.php(501): sanitize_term_field('product')
#1 /var/www/andylongstore/wp-includes/class-wp-hook.php(305): XT_Woo_Variation_Swatches_Admin->quick_edit_attribute_type_field('thumb', 'product')
#2 /var/www/andylongstore/wp-includes/class-wp-hook.php(327): WP_Hook->apply_filters(NULL, Array)
#3 /var/www/andylongstore/wp-includes/plugin.php(470): WP_Hook->do_action(Array)
#4 /var/www/andylongstore/wp-admin/includes/class-wp-posts-list-table.php(1995): do_action('quick_edit_cust...', 'thumb', 'product', '')
#5 /var/www/andylongstore/wp-admin/edit.php(482): WP_Posts_List_Table->inline_edit()
#6 {main}
  thrown in /var/www/andylongstore/wp-includes/taxonomy.php on line 1633

2022-05-21T06:32:46+00:00 CRITICAL Uncaught ArgumentCountError: Too few arguments to function sanitize_term_field(), 1 passed in /var/www/andylongstore/wp-content/plugins/xt-woo-variation-swatches-pro/admin/class-admin.php on line 501 and exactly 5 expected in /var/www/andylongstore/wp-includes/taxonomy.php:1633
Stack trace:
#0 /var/www/andylongstore/wp-content/plugins/xt-woo-variation-swatches-pro/admin/class-admin.php(501): sanitize_term_field('product')
#1 /var/www/andylongstore/wp-includes/class-wp-hook.php(305): XT_Woo_Variation_Swatches_Admin->quick_edit_attribute_type_field('thumb', 'product')
#2 /var/www/andylongstore/wp-includes/class-wp-hook.php(327): WP_Hook->apply_filters(NULL, Array)
#3 /var/www/andylongstore/wp-includes/plugin.php(470): WP_Hook->do_action(Array)
#4 /var/www/andylongstore/wp-admin/includes/class-wp-posts-list-table.php(1995): do_action('quick_edit_cust...', 'thumb', 'product', '')
#5 /var/www/andylongstore/wp-admin/edit.php(482): WP_Posts_List_Table->inline_edit()
#6 {main}
  thrown in /var/www/andylongstore/wp-includes/taxonomy.php on line 1633

2022-05-21T06:47:28+00:00 CRITICAL Uncaught ArgumentCountError: Too few arguments to function sanitize_term_field(), 1 passed in /var/www/andylongstore/wp-content/plugins/xt-woo-variation-swatches-pro/admin/class-admin.php on line 501 and exactly 5 expected in /var/www/andylongstore/wp-includes/taxonomy.php:1633
Stack trace:
#0 /var/www/andylongstore/wp-content/plugins/xt-woo-variation-swatches-pro/admin/class-admin.php(501): sanitize_term_field('product')
#1 /var/www/andylongstore/wp-includes/class-wp-hook.php(305): XT_Woo_Variation_Swatches_Admin->quick_edit_attribute_type_field('thumb', 'product')
#2 /var/www/andylongstore/wp-includes/class-wp-hook.php(327): WP_Hook->apply_filters(NULL, Array)
#3 /var/www/andylongstore/wp-includes/plugin.php(470): WP_Hook->do_action(Array)
#4 /var/www/andylongstore/wp-admin/includes/class-wp-posts-list-table.php(1995): do_action('quick_edit_cust...', 'thumb', 'product', '')
#5 /var/www/andylongstore/wp-admin/edit.php(482): WP_Posts_List_Table->inline_edit()
#6 {main}
  thrown in /var/www/andylongstore/wp-includes/taxonomy.php on line 1633

2022-05-21T06:47:39+00:00 CRITICAL Uncaught ArgumentCountError: Too few arguments to function sanitize_term_field(), 1 passed in /var/www/andylongstore/wp-content/plugins/xt-woo-variation-swatches-pro/admin/class-admin.php on line 501 and exactly 5 expected in /var/www/andylongstore/wp-includes/taxonomy.php:1633
Stack trace:
#0 /var/www/andylongstore/wp-content/plugins/xt-woo-variation-swatches-pro/admin/class-admin.php(501): sanitize_term_field('product')
#1 /var/www/andylongstore/wp-includes/class-wp-hook.php(305): XT_Woo_Variation_Swatches_Admin->quick_edit_attribute_type_field('thumb', 'product')
#2 /var/www/andylongstore/wp-includes/class-wp-hook.php(327): WP_Hook->apply_filters(NULL, Array)
#3 /var/www/andylongstore/wp-includes/plugin.php(470): WP_Hook->do_action(Array)
#4 /var/www/andylongstore/wp-admin/includes/class-wp-posts-list-table.php(1995): do_action('quick_edit_cust...', 'thumb', 'product', '')
#5 /var/www/andylongstore/wp-admin/edit.php(482): WP_Posts_List_Table->inline_edit()
#6 {main}
  thrown in /var/www/andylongstore/wp-includes/taxonomy.php on line 1633

2022-05-21T06:48:38+00:00 CRITICAL Uncaught ArgumentCountError: Too few arguments to function sanitize_term_field(), 1 passed in /var/www/andylongstore/wp-content/plugins/xt-woo-variation-swatches-pro/admin/class-admin.php on line 501 and exactly 5 expected in /var/www/andylongstore/wp-includes/taxonomy.php:1633
Stack trace:
#0 /var/www/andylongstore/wp-content/plugins/xt-woo-variation-swatches-pro/admin/class-admin.php(501): sanitize_term_field('product')
#1 /var/www/andylongstore/wp-includes/class-wp-hook.php(305): XT_Woo_Variation_Swatches_Admin->quick_edit_attribute_type_field('thumb', 'product')
#2 /var/www/andylongstore/wp-includes/class-wp-hook.php(327): WP_Hook->apply_filters(NULL, Array)
#3 /var/www/andylongstore/wp-includes/plugin.php(470): WP_Hook->do_action(Array)
#4 /var/www/andylongstore/wp-admin/includes/class-wp-posts-list-table.php(1995): do_action('quick_edit_cust...', 'thumb', 'product', '')
#5 /var/www/andylongstore/wp-admin/edit.php(482): WP_Posts_List_Table->inline_edit()
#6 {main}
  thrown in /var/www/andylongstore/wp-includes/taxonomy.php on line 1633

2022-05-21T06:51:16+00:00 CRITICAL Uncaught ArgumentCountError: Too few arguments to function sanitize_term_field(), 1 passed in /var/www/andylongstore/wp-content/plugins/xt-woo-variation-swatches-pro/admin/class-admin.php on line 501 and exactly 5 expected in /var/www/andylongstore/wp-includes/taxonomy.php:1633
Stack trace:
#0 /var/www/andylongstore/wp-content/plugins/xt-woo-variation-swatches-pro/admin/class-admin.php(501): sanitize_term_field('product')
#1 /var/www/andylongstore/wp-includes/class-wp-hook.php(305): XT_Woo_Variation_Swatches_Admin->quick_edit_attribute_type_field('thumb', 'product')
#2 /var/www/andylongstore/wp-includes/class-wp-hook.php(327): WP_Hook->apply_filters(NULL, Array)
#3 /var/www/andylongstore/wp-includes/plugin.php(470): WP_Hook->do_action(Array)
#4 /var/www/andylongstore/wp-admin/includes/class-wp-posts-list-table.php(1995): do_action('quick_edit_cust...', 'thumb', 'product', '')
#5 /var/www/andylongstore/wp-admin/edit.php(482): WP_Posts_List_Table->inline_edit()
#6 {main}
  thrown in /var/www/andylongstore/wp-includes/taxonomy.php on line 1633

2022-05-21T06:51:33+00:00 CRITICAL Uncaught ArgumentCountError: Too few arguments to function sanitize_term_field(), 1 passed in /var/www/andylongstore/wp-content/plugins/xt-woo-variation-swatches-pro/admin/class-admin.php on line 501 and exactly 5 expected in /var/www/andylongstore/wp-includes/taxonomy.php:1633
Stack trace:
#0 /var/www/andylongstore/wp-content/plugins/xt-woo-variation-swatches-pro/admin/class-admin.php(501): sanitize_term_field('product')
#1 /var/www/andylongstore/wp-includes/class-wp-hook.php(305): XT_Woo_Variation_Swatches_Admin->quick_edit_attribute_type_field('thumb', 'product')
#2 /var/www/andylongstore/wp-includes/class-wp-hook.php(327): WP_Hook->apply_filters(NULL, Array)
#3 /var/www/andylongstore/wp-includes/plugin.php(470): WP_Hook->do_action(Array)
#4 /var/www/andylongstore/wp-admin/includes/class-wp-posts-list-table.php(1995): do_action('quick_edit_cust...', 'thumb', 'product', '')
#5 /var/www/andylongstore/wp-admin/edit.php(482): WP_Posts_List_Table->inline_edit()
#6 {main}
  thrown in /var/www/andylongstore/wp-includes/taxonomy.php on line 1633

2022-05-21T09:48:41+00:00 CRITICAL Uncaught ArgumentCountError: Too few arguments to function sanitize_term_field(), 1 passed in /var/www/andylongstore/wp-content/plugins/xt-woo-variation-swatches-pro/admin/class-admin.php on line 501 and exactly 5 expected in /var/www/andylongstore/wp-includes/taxonomy.php:1633
Stack trace:
#0 /var/www/andylongstore/wp-content/plugins/xt-woo-variation-swatches-pro/admin/class-admin.php(501): sanitize_term_field('product')
#1 /var/www/andylongstore/wp-includes/class-wp-hook.php(305): XT_Woo_Variation_Swatches_Admin->quick_edit_attribute_type_field('thumb', 'product')
#2 /var/www/andylongstore/wp-includes/class-wp-hook.php(327): WP_Hook->apply_filters(NULL, Array)
#3 /var/www/andylongstore/wp-includes/plugin.php(470): WP_Hook->do_action(Array)
#4 /var/www/andylongstore/wp-admin/includes/class-wp-posts-list-table.php(1995): do_action('quick_edit_cust...', 'thumb', 'product', '')
#5 /var/www/andylongstore/wp-admin/edit.php(482): WP_Posts_List_Table->inline_edit()
#6 {main}
  thrown in /var/www/andylongstore/wp-includes/taxonomy.php on line 1633

2022-05-21T09:48:59+00:00 CRITICAL Uncaught ArgumentCountError: Too few arguments to function sanitize_term_field(), 1 passed in /var/www/andylongstore/wp-content/plugins/xt-woo-variation-swatches-pro/admin/class-admin.php on line 501 and exactly 5 expected in /var/www/andylongstore/wp-includes/taxonomy.php:1633
Stack trace:
#0 /var/www/andylongstore/wp-content/plugins/xt-woo-variation-swatches-pro/admin/class-admin.php(501): sanitize_term_field('product')
#1 /var/www/andylongstore/wp-includes/class-wp-hook.php(305): XT_Woo_Variation_Swatches_Admin->quick_edit_attribute_type_field('thumb', 'product')
#2 /var/www/andylongstore/wp-includes/class-wp-hook.php(327): WP_Hook->apply_filters(NULL, Array)
#3 /var/www/andylongstore/wp-includes/plugin.php(470): WP_Hook->do_action(Array)
#4 /var/www/andylongstore/wp-admin/includes/class-wp-posts-list-table.php(1995): do_action('quick_edit_cust...', 'thumb', 'product', '')
#5 /var/www/andylongstore/wp-admin/edit.php(482): WP_Posts_List_Table->inline_edit()
#6 {main}
  thrown in /var/www/andylongstore/wp-includes/taxonomy.php on line 1633

2022-05-21T09:49:08+00:00 CRITICAL Uncaught ArgumentCountError: Too few arguments to function sanitize_term_field(), 1 passed in /var/www/andylongstore/wp-content/plugins/xt-woo-variation-swatches-pro/admin/class-admin.php on line 501 and exactly 5 expected in /var/www/andylongstore/wp-includes/taxonomy.php:1633
Stack trace:
#0 /var/www/andylongstore/wp-content/plugins/xt-woo-variation-swatches-pro/admin/class-admin.php(501): sanitize_term_field('product')
#1 /var/www/andylongstore/wp-includes/class-wp-hook.php(305): XT_Woo_Variation_Swatches_Admin->quick_edit_attribute_type_field('thumb', 'product')
#2 /var/www/andylongstore/wp-includes/class-wp-hook.php(327): WP_Hook->apply_filters(NULL, Array)
#3 /var/www/andylongstore/wp-includes/plugin.php(470): WP_Hook->do_action(Array)
#4 /var/www/andylongstore/wp-admin/includes/class-wp-posts-list-table.php(1995): do_action('quick_edit_cust...', 'thumb', 'product', '')
#5 /var/www/andylongstore/wp-admin/edit.php(482): WP_Posts_List_Table->inline_edit()
#6 {main}
  thrown in /var/www/andylongstore/wp-includes/taxonomy.php on line 1633

